#
# A fatal error has been detected by the Java Runtime Environment:
#
#  EXCEPTION_ACCESS_VIOLATION (0xc0000005) at pc=0x00007ff95e1226c4, pid=25068, tid=39324
#
# JRE version: OpenJDK Runtime Environment (24.0.1+9) (build 24.0.1+9-30)
# Java VM: OpenJDK 64-Bit Server VM (24.0.1+9-30, mixed mode, emulated-client, sharing, tiered, compressed oops, compressed class ptrs, g1 gc, windows-amd64)
# Problematic frame:
# C  [libasyncProfiler.dll+0x926c4]
#
# No core dump will be written. Minidumps are not enabled by default on client versions of Windows
#
# JFR recording file will be written. Location: C:\Users\patrick.alves\Documents\projetos_pessoais\plataforma-ead-course\hs_err_pid25068.jfr
#
# If you would like to submit a bug report, please visit:
#   https://bugreport.java.com/bugreport/crash.jsp
# The crash happened outside the Java Virtual Machine in native code.
# See problematic frame for where to report the bug.
#

---------------  S U M M A R Y ------------

Command Line: -XX:TieredStopAtLevel=1 -Dspring.output.ansi.enabled=always -Dcom.sun.management.jmxremote -Dspring.jmx.enabled=true -Dspring.liveBeansView.mbeanDomain -Dspring.application.admin.enabled=true -Dmanagement.endpoints.jmx.exposure.include=* -javaagent:C:\Users\patrick.alves\AppData\Local\Programs\IntelliJ IDEA Ultimate\lib\idea_rt.jar=58648 -Dfile.encoding=UTF-8 -Dsun.stdout.encoding=UTF-8 -Dsun.stderr.encoding=UTF-8 com.ead.course.CourseApplication

Host: 11th Gen Intel(R) Core(TM) i7-1165G7 @ 2.80GHz, 8 cores, 31G,  Windows 11 , 64 bit Build 26100 (10.0.26100.3775)
Time: Tue May 13 09:17:57 2025 Hora oficial do Brasil elapsed time: 7.908670 seconds (0d 0h 0m 7s)

---------------  T H R E A D  ---------------

Current thread (0x000001e2567c0e00):  JavaThread "Attach Listener" daemon [_thread_in_native, id=39324, stack(0x0000001241c00000,0x0000001241d00000) (1024K)]

Stack: [0x0000001241c00000,0x0000001241d00000],  sp=0x0000001241cfecd0,  free space=1019k
Native frames: (J=compiled Java code, j=interpreted, Vv=VM code, C=native code)
C  [libasyncProfiler.dll+0x926c4]  (no source info available)
C  [libasyncProfiler.dll+0x92b9b]  (no source info available)
C  [libasyncProfiler.dll+0x917f4]  (no source info available)
C  [libasyncProfiler.dll+0x9206a]  (no source info available)
C  [libasyncProfiler.dll+0x8cc21]  (no source info available)
C  [libasyncProfiler.dll+0x7e5e1]  (no source info available)
C  [libasyncProfiler.dll+0x7d2f8]  (no source info available)
C  [libasyncProfiler.dll+0x7d1e0]  (no source info available)
C  [libasyncProfiler.dll+0x841b9]  (no source info available)
V  [jvm.dll+0x57eff7]  (no source info available)
V  [jvm.dll+0x57fdac]  (no source info available)
V  [jvm.dll+0x14ca17]  (no source info available)
V  [jvm.dll+0x14dfe1]  (no source info available)
V  [jvm.dll+0x42f456]  (no source info available)
V  [jvm.dll+0x87d76b]  (no source info available)
V  [jvm.dll+0x72ee55]  (no source info available)
C  [ucrtbase.dll+0x37b0]  (no source info available)
C  [KERNEL32.DLL+0x2e8d7]  (no source info available)
C  [ntdll.dll+0xb14fc]  (no source info available)


siginfo: EXCEPTION_ACCESS_VIOLATION (0xc0000005), reading address 0xffffffffffffffff


Registers:
RAX=0x0000000000000010, RBX=0x0000000000000000, RCX=0xffffffffffffffff, RDX=0x007ff92886300010
RSP=0x0000001241cfecd0, RBP=0x000001e25982a2f8, RSI=0x0000001241cfee40, RDI=0x000001e25982a2f8
R8 =0x0000000000000042, R9 =0x0000000604400000, R10=0x00007ff928ad9fb0, R11=0x0000000000000024
R12=0x0000001241cfee40, R13=0x000001e2a0f39600, R14=0x000001e2567c11c8, R15=0x000001e2567c11c8
RIP=0x00007ff95e1226c4, EFLAGS=0x0000000000010202

XMM[0]=0x0000000000000000 0x0000000000000000
XMM[1]=0x0000000000000000 0x0000000000000000
XMM[2]=0x0000000000000000 0x0000000000000000
XMM[3]=0x0000000000000000 0x0000000000000000
XMM[4]=0x0000000000000000 0x0000000000000000
XMM[5]=0x0000000000000000 0x0000000000000000
XMM[6]=0x0000000000000000 0x0000000000000000
XMM[7]=0x0000000000000000 0x0000000000000000
XMM[8]=0x0000000000000000 0x0000000000000000
XMM[9]=0x0000000000000000 0x0000000000000000
XMM[10]=0x0000000000000000 0x0000000000000000
XMM[11]=0x0000000000000000 0x0000000000000000
XMM[12]=0x0000000000000000 0x0000000000000000
XMM[13]=0x0000000000000000 0x0000000000000000
XMM[14]=0x0000000000000000 0x0000000000000000
XMM[15]=0x0000000000000000 0x0000000000000000
  MXCSR=0x00001fa0


Register to memory mapping:

RAX=0x0000000000000010 is an unknown value
RBX=0x0 is null
RCX=0xffffffffffffffff is an unknown value
RDX=0x007ff92886300010 is an unknown value
RSP=0x0000001241cfecd0 is pointing into the stack for thread: 0x000001e2567c0e00
RBP=0x000001e25982a2f8 points into unknown readable memory: 0x0000000604400000 | 00 00 40 04 06 00 00 00
RSI=0x0000001241cfee40 is pointing into the stack for thread: 0x000001e2567c0e00
RDI=0x000001e25982a2f8 points into unknown readable memory: 0x0000000604400000 | 00 00 40 04 06 00 00 00
R8 =0x0000000000000042 is an unknown value
R9 =0x0000000604400000 is an oop: java.lang.ref.Reference$ReferenceHandler 
{0x0000000604400000} - klass: 'java/lang/ref/Reference$ReferenceHandler' - flags: 

 - ---- fields (total size 14 words):
 - 'threadLocalRandomProbe' 'I' @12  0 (0x00000000)
 - private volatile 'eetop' 'J' @16  2071625190848 (0x000001e2567bcdc0)
 - private final 'tid' 'J' @24  14 (0x000000000000000e)
 - 'threadLocalRandomSeed' 'J' @32  0 (0x0000000000000000)
 - injected 'jvmti_thread_state' 'J' @40  2072872972816 (0x000001e2a0db7210)
 - 'threadLocalRandomSecondarySeed' 'I' @48  0 (0x00000000)
 - injected 'jvmti_VTMS_transition_disable_count' 'I' @52  0 (0x00000000)
 - injected 'jfr_epoch' 'S' @56  0 (0x0000)
 - volatile 'interrupted' 'Z' @58  false (0x00)
 - injected 'jvmti_is_in_VTMS_transition' 'Z' @59  false (0x00)
 - private volatile 'name' 'Ljava/lang/String;' @60  "Reference Handler"{0x000000060498bad8} (0xc093175b)
 - private volatile 'contextClassLoader' 'Ljava/lang/ClassLoader;' @64  null (0x00000000)
 - private final 'holder' 'Ljava/lang/Thread$FieldHolder;' @68  a 'java/lang/Thread$FieldHolder'{0x0000000604e039e8} (0xc09c073d)
 - 'threadLocals' 'Ljava/lang/ThreadLocal$ThreadLocalMap;' @72  null (0x00000000)
 - 'inheritableThreadLocals' 'Ljava/lang/ThreadLocal$ThreadLocalMap;' @76  null (0x00000000)
 - private 'scopedValueBindings' 'Ljava/lang/Object;' @80  a 'java/lang/Class'{0x0000000604400310} = 'java/lang/Thread' (0xc0880062)
 - final 'interruptLock' 'Ljava/lang/Object;' @84  a 'java/lang/Object'{0x0000000604e039d8} (0xc09c073b)
 - private volatile 'parkBlocker' 'Ljava/lang/Object;' @88  null (0x00000000)
 - private 'nioBlocker' 'Lsun/nio/ch/Interruptible;' @92  null (0x00000000)
 - private 'cont' 'Ljdk/internal/vm/Continuation;' @96  null (0x00000000)
 - private volatile 'uncaughtExceptionHandler' 'Ljava/lang/Thread$UncaughtExceptionHandler;' @100  null (0x00000000)
 - private 'container' 'Ljdk/internal/vm/ThreadContainer;' @104  null (0x00000000)
 - private volatile 'headStackableScopes' 'Ljdk/internal/vm/StackableScope;' @108  null (0x00000000)
R10=0x00007ff928ad9fb0 jvm.dll
R11=0x0000000000000024 is an unknown value
R12=0x0000001241cfee40 is pointing into the stack for thread: 0x000001e2567c0e00
R13=0x000001e2a0f39600 points into unknown readable memory: 0x00007ff928a4a510 | 10 a5 a4 28 f9 7f 00 00
R14=0x000001e2567c11c8 points into unknown readable memory: 0x00007ff928a417b0 | b0 17 a4 28 f9 7f 00 00
R15=0x000001e2567c11c8 points into unknown readable memory: 0x00007ff928a417b0 | b0 17 a4 28 f9 7f 00 00

Top of Stack: (sp=0x0000001241cfecd0)
0x0000001241cfecd0:   0000001241cfee40 000001e25982a2f8   @..A.......Y....
0x0000001241cfece0:   0000000000000000 000001e2567c44e0   .........D|V....
0x0000001241cfecf0:   000000000000003c 00007ff95e122b9b   <........+.^....
0x0000001241cfed00:   0000000000000000 000001e2567c11c8   ..........|V....
0x0000001241cfed10:   0000001241cfee01 0000000000000000   ...A............
0x0000001241cfed20:   000001e2a1791d30 00007ff95e1217f4   0.y........^....
0x0000001241cfed30:   0000000000000000 000000000000003c   ........<.......
0x0000001241cfed40:   0000000000000000 000000000000003c   ........<.......
0x0000001241cfed50:   0000002259a10be8 000001e2597d5aa0   ...Y"....Z}Y....
0x0000001241cfed60:   000001e2a1791d30 000001e2a1791e20   0.y..... .y.....
0x0000001241cfed70:   000001e2a1791e2c 000000000000667c   ,.y.....|f......
0x0000001241cfed80:   0000000000000000 0000000000000000   ................
0x0000001241cfed90:   0000000000000000 00007ff9282a57d4   .........W*(....
0x0000001241cfeda0:   00007ff95e264ca0 00000000000061ec   .L&^.....a......
0x0000001241cfedb0:   00007ff95e264ca0 00000000ffffffff   .L&^............
0x0000001241cfedc0:   0000000000000000 00007ff95e12206a   ........j .^....
0x0000001241cfedd0:   000001e2567c11c8 0000000000000000   ..|V............
0x0000001241cfede0:   0000001241cfee49 000001e2a0f39600   I..A............
0x0000001241cfedf0:   0000000000000004 0000000000000048   ........H.......
0x0000001241cfee00:   0000000800800310 0000000000000020   ........ .......
0x0000001241cfee10:   000001e2567c11c8 00007ff95e264ca0   ..|V.....L&^....
0x0000001241cfee20:   000001e2566dcb70 000001e2a0db7210   p.mV.....r......
0x0000001241cfee30:   0000000800800390 000001e2567c11c8   ..........|V....
0x0000001241cfee40:   000001e2a31ff380 000001e2a31ffb00   ................
0x0000001241cfee50:   000001e2a31ffb00 00007ff95e264ca0   .........L&^....
0x0000001241cfee60:   000001e259a10be8 0000001241cfefd8   ...Y.......A....
0x0000001241cfee70:   0000001241cff110 0000000000008840   ...A....@.......
0x0000001241cfee80:   0000001241cff2f0 00007ff95e264cf0   ...A.....L&^....
0x0000001241cfee90:   0000000000989680 0000000000989680   ................
0x0000001241cfeea0:   0000001241cfefb0 00007ff95e11cc21   ...A....!..^....
0x0000001241cfeeb0:   00007ff95e264ca0 00007ff95e264cf8   .L&^.....L&^....
0x0000001241cfeec0:   00007ff900000000 00007ff900000001   ................

Instructions: (pc=0x00007ff95e1226c4)
  0x00007ff95e1225c4:   cc cc cc cc cc cc cc cc cc cc cc cc cc cc cc cc
  0x00007ff95e1225d4:   cc cc cc cc cc cc cc cc cc cc cc cc cc cc cc cc
  0x00007ff95e1225e4:   cc cc cc cc cc cc cc cc cc cc cc cc cc cc cc cc
  0x00007ff95e1225f4:   cc cc cc cc cc cc cc cc cc cc cc cc cc cc cc cc
  0x00007ff95e122604:   cc cc cc cc cc cc cc cc cc cc cc cc cc cc cc cc
  0x00007ff95e122614:   cc cc cc cc cc cc cc cc cc cc cc cc cc cc cc cc
  0x00007ff95e122624:   cc cc cc cc cc cc cc cc cc cc cc cc cc cc cc cc
  0x00007ff95e122634:   cc cc cc cc cc cc cc cc cc cc cc cc cc cc cc cc
  0x00007ff95e122644:   cc cc cc cc cc cc cc cc cc cc cc cc 40 57 48 83
  0x00007ff95e122654:   ec 20 48 8b f9 48 8b 0d 10 28 14 00 48 85 c9 74
  0x00007ff95e122664:   20 48 8b 01 48 8d 54 24 38 41 b8 06 00 01 00 4c
  0x00007ff95e122674:   8b 48 30 41 ff d1 85 c0 75 07 48 8b 4c 24 38 eb
  0x00007ff95e122684:   02 33 c9 4c 8b 05 ea 28 14 00 48 89 5c 24 30 4d
  0x00007ff95e122694:   85 c0 74 4a 48 8b 01 48 8b d7 4c 8b 88 28 03 00
  0x00007ff95e1226a4:   00 41 ff d1 48 85 c0 74 35 48 63 0d f8 e6 13 00
  0x00007ff95e1226b4:   48 8b 14 01 48 85 d2 74 15 48 63 05 fc e6 13 00
=>0x00007ff95e1226c4:   8b 04 10 48 8b 5c 24 30 48 83 c4 20 5f c3 b8 ff
  0x00007ff95e1226d4:   ff ff ff 48 8b 5c 24 30 48 83 c4 20 5f c3 80 3d
  0x00007ff95e1226e4:   9b 27 14 00 00 bb ff ff ff ff 74 20 4c 8b 0d 31
  0x00007ff95e1226f4:   24 14 00 4c 8d 44 24 38 48 8b 0d 15 24 14 00 48
  0x00007ff95e122704:   8b d7 41 ff d1 85 c0 0f 44 5c 24 38 8b c3 48 8b
  0x00007ff95e122714:   5c 24 30 48 83 c4 20 5f c3 cc cc cc cc cc cc cc
  0x00007ff95e122724:   cc cc cc cc cc cc cc cc cc cc cc cc cc cc cc cc
  0x00007ff95e122734:   cc cc cc cc cc cc cc cc cc cc cc cc cc cc cc cc
  0x00007ff95e122744:   cc cc cc cc cc cc cc cc cc cc cc cc 48 89 54 24
  0x00007ff95e122754:   10 53 55 56 57 41 56 41 57 48 83 ec 28 48 8b f2
  0x00007ff95e122764:   4c 8b f1 48 89 4c 24 78 45 33 ff 44 89 7c 24 68
  0x00007ff95e122774:   c7 44 24 60 01 00 00 00 48 8d 4c 24 68 e8 ed 42
  0x00007ff95e122784:   f7 ff 8b d8 48 8d 4c 24 60 e8 e1 42 f7 ff 8b e8
  0x00007ff95e122794:   49 8b ce e8 00 fc f6 ff 48 8b f8 90 8b c3 f0 0f
  0x00007ff95e1227a4:   b1 2f 74 04 f3 90 eb f4 4c 89 3e 4c 89 7e 08 4c
  0x00007ff95e1227b4:   89 7e 10 49 8b 6e 08 4d 8b 76 10 49 3b ee 0f 84


Stack slot to memory mapping:

stack at sp + 0 slots: 0x0000001241cfee40 is pointing into the stack for thread: 0x000001e2567c0e00
stack at sp + 1 slots: 0x000001e25982a2f8 points into unknown readable memory: 0x0000000604400000 | 00 00 40 04 06 00 00 00
stack at sp + 2 slots: 0x0 is null
stack at sp + 3 slots: 0x000001e2567c44e0 points into unknown readable memory: 0x6e616c2e6176616a | 6a 61 76 61 2e 6c 61 6e
stack at sp + 4 slots: 0x000000000000003c is an unknown value
stack at sp + 5 slots: 0x00007ff95e122b9b libasyncProfiler.dll
stack at sp + 6 slots: 0x0 is null
stack at sp + 7 slots: 0x000001e2567c11c8 points into unknown readable memory: 0x00007ff928a417b0 | b0 17 a4 28 f9 7f 00 00

Lock stack of current Java thread (top to bottom):


---------------  P R O C E S S  ---------------

Threads class SMR info:
_java_thread_list=0x000001e2a12c2ea0, length=40, elements={
0x000001e2567bcdc0, 0x000001e2567bd700, 0x000001e2567c0440, 0x000001e2567c0e00,
0x000001e2567c5680, 0x000001e2567c82a0, 0x000001e2567d2c40, 0x000001e2567c6560,
0x000001e2567c6cb0, 0x000001e2567c7400, 0x000001e2567c89f0, 0x000001e2567c7b50,
0x000001e2567c9140, 0x000001e2567c5e10, 0x000001e29f5f1720, 0x000001e29f5f25c0,
0x000001e29f5ef290, 0x000001e29f5f2d10, 0x000001e29f5ef9e0, 0x000001e29f5f3460,
0x000001e29f5f0fd0, 0x000001e29f5f0130, 0x000001e29f5f0880, 0x000001e29f5f6040,
0x000001e29f5f4300, 0x000001e29f5f4a50, 0x000001e29f5f51a0, 0x000001e29f5f58f0,
0x000001e2a11e50a0, 0x000001e2a11e2c10, 0x000001e2a11e3360, 0x000001e2a11e6690,
0x000001e2a11e4200, 0x000001e2a11e57f0, 0x000001e2a11e3ab0, 0x000001e2a11e4950,
0x000001e2a31a0860, 0x000001e2a267d0b0, 0x000001e2a31b8f40, 0x000001e2a11e83d0
}

Java Threads: ( => current thread )
  0x000001e2567bcdc0 JavaThread "Reference Handler"          daemon [_thread_blocked, id=13220, stack(0x0000001241900000,0x0000001241a00000) (1024K)]
  0x000001e2567bd700 JavaThread "Finalizer"                  daemon [_thread_blocked, id=50420, stack(0x0000001241a00000,0x0000001241b00000) (1024K)]
  0x000001e2567c0440 JavaThread "Signal Dispatcher"          daemon [_thread_blocked, id=7876, stack(0x0000001241b00000,0x0000001241c00000) (1024K)]
=>0x000001e2567c0e00 JavaThread "Attach Listener"            daemon [_thread_in_native, id=39324, stack(0x0000001241c00000,0x0000001241d00000) (1024K)]
  0x000001e2567c5680 JavaThread "Service Thread"             daemon [_thread_blocked, id=11060, stack(0x0000001241d00000,0x0000001241e00000) (1024K)]
  0x000001e2567c82a0 JavaThread "Monitor Deflation Thread"   daemon [_thread_blocked, id=42392, stack(0x0000001241e00000,0x0000001241f00000) (1024K)]
  0x000001e2567d2c40 JavaThread "C1 CompilerThread0"         daemon [_thread_blocked, id=26476, stack(0x0000001241f00000,0x0000001242000000) (1024K)]
  0x000001e2567c6560 JavaThread "Common-Cleaner"             daemon [_thread_blocked, id=37128, stack(0x0000001242300000,0x0000001242400000) (1024K)]
  0x000001e2567c6cb0 JavaThread "Monitor Ctrl-Break"         daemon [_thread_in_native, id=39248, stack(0x0000001242400000,0x0000001242500000) (1024K)]
  0x000001e2567c7400 JavaThread "Notification Thread"        daemon [_thread_blocked, id=28980, stack(0x0000001242500000,0x0000001242600000) (1024K)]
  0x000001e2567c89f0 JavaThread "RMI TCP Accept-0"           daemon [_thread_in_native, id=28004, stack(0x0000001242600000,0x0000001242700000) (1024K)]
  0x000001e2567c7b50 JavaThread "RMI TCP Connection(1)-192.168.1.8" daemon [_thread_in_native, id=38740, stack(0x0000001242700000,0x0000001242800000) (1024K)]
  0x000001e2567c9140 JavaThread "RMI Scheduler(0)"           daemon [_thread_blocked, id=16512, stack(0x0000001242800000,0x0000001242900000) (1024K)]
  0x000001e2567c5e10 JavaThread "JMX server connection timeout 31" daemon [_thread_blocked, id=15672, stack(0x0000001242900000,0x0000001242a00000) (1024K)]
  0x000001e29f5f1720 JavaThread "RMI TCP Connection(2)-192.168.1.8" daemon [_thread_in_native, id=6844, stack(0x0000001243100000,0x0000001243200000) (1024K)]
  0x000001e29f5f25c0 JavaThread "Catalina-utility-1"                [_thread_blocked, id=28400, stack(0x0000001243200000,0x0000001243300000) (1024K)]
  0x000001e29f5ef290 JavaThread "Catalina-utility-2"                [_thread_blocked, id=9460, stack(0x0000001243400000,0x0000001243500000) (1024K)]
  0x000001e29f5f2d10 JavaThread "container-0"                       [_thread_blocked, id=45952, stack(0x0000001243500000,0x0000001243600000) (1024K)]
  0x000001e29f5ef9e0 JavaThread "PostgreSQL-JDBC-Cleaner"    daemon [_thread_blocked, id=10900, stack(0x0000001243700000,0x0000001243800000) (1024K)]
  0x000001e29f5f3460 JavaThread "HikariPool-1 housekeeper"   daemon [_thread_blocked, id=18884, stack(0x0000001243800000,0x0000001243900000) (1024K)]
  0x000001e29f5f0fd0 JavaThread "HikariPool-1 connection adder" daemon [_thread_blocked, id=26780, stack(0x0000001243900000,0x0000001243a00000) (1024K)]
  0x000001e29f5f0130 JavaThread "HttpClient-1-SelectorManager" daemon [_thread_in_native, id=50844, stack(0x0000001243a00000,0x0000001243b00000) (1024K)]
  0x000001e29f5f0880 JavaThread "http-nio-8082-exec-1"       daemon [_thread_blocked, id=9316, stack(0x0000001243b00000,0x0000001243c00000) (1024K)]
  0x000001e29f5f6040 JavaThread "http-nio-8082-exec-2"       daemon [_thread_blocked, id=12724, stack(0x0000001243c00000,0x0000001243d00000) (1024K)]
  0x000001e29f5f4300 JavaThread "http-nio-8082-exec-3"       daemon [_thread_blocked, id=52084, stack(0x0000001243d00000,0x0000001243e00000) (1024K)]
  0x000001e29f5f4a50 JavaThread "http-nio-8082-exec-4"       daemon [_thread_blocked, id=28652, stack(0x0000001243e00000,0x0000001243f00000) (1024K)]
  0x000001e29f5f51a0 JavaThread "http-nio-8082-exec-5"       daemon [_thread_blocked, id=33148, stack(0x0000001243f00000,0x0000001244000000) (1024K)]
  0x000001e29f5f58f0 JavaThread "http-nio-8082-exec-6"       daemon [_thread_blocked, id=27112, stack(0x0000001244000000,0x0000001244100000) (1024K)]
  0x000001e2a11e50a0 JavaThread "http-nio-8082-exec-7"       daemon [_thread_blocked, id=12020, stack(0x0000001244100000,0x0000001244200000) (1024K)]
  0x000001e2a11e2c10 JavaThread "http-nio-8082-exec-8"       daemon [_thread_blocked, id=15820, stack(0x0000001244200000,0x0000001244300000) (1024K)]
  0x000001e2a11e3360 JavaThread "http-nio-8082-exec-9"       daemon [_thread_blocked, id=5592, stack(0x0000001244300000,0x0000001244400000) (1024K)]
  0x000001e2a11e6690 JavaThread "http-nio-8082-exec-10"      daemon [_thread_blocked, id=52040, stack(0x0000001244400000,0x0000001244500000) (1024K)]
  0x000001e2a11e4200 JavaThread "http-nio-8082-Poller"       daemon [_thread_in_native, id=42400, stack(0x0000001244500000,0x0000001244600000) (1024K)]
  0x000001e2a11e57f0 JavaThread "http-nio-8082-Acceptor"     daemon [_thread_in_native, id=33412, stack(0x0000001244600000,0x0000001244700000) (1024K)]
  0x000001e2a11e3ab0 JavaThread "DestroyJavaVM"                     [_thread_blocked, id=33044, stack(0x0000001241100000,0x0000001241200000) (1024K)]
  0x000001e2a11e4950 JavaThread "JFR Recorder Thread"        daemon [_thread_in_native, id=15448, stack(0x0000001242000000,0x0000001242100000) (1024K)]
  0x000001e2a31a0860 JavaThread "C1 CompilerThread1"         daemon [_thread_blocked, id=44404, stack(0x0000001242100000,0x0000001242200000) (1024K)]
  0x000001e2a267d0b0 JavaThread "C1 CompilerThread2"         daemon [_thread_blocked, id=8740, stack(0x0000001242200000,0x0000001242300000) (1024K)]
  0x000001e2a31b8f40 JavaThread "C1 CompilerThread3"         daemon [_thread_blocked, id=1988, stack(0x0000001244700000,0x0000001244800000) (1024K)]
  0x000001e2a11e83d0 JavaThread "JFR Periodic Tasks"         daemon [_thread_blocked, id=26236, stack(0x0000001244800000,0x0000001244900000) (1024K)]
Total: 40

Other Threads:
  0x000001e2567aa5d0 VMThread "VM Thread"                           [id=10096, stack(0x0000001241800000,0x0000001241900000) (1024K)]
  0x000001e259110290 WatcherThread "VM Periodic Task Thread"        [id=37204, stack(0x0000001241700000,0x0000001241800000) (1024K)]
  0x000001e25663f890 WorkerThread "GC Thread#0"                     [id=20620, stack(0x0000001241200000,0x0000001241300000) (1024K)]
  0x000001e29f6a1810 WorkerThread "GC Thread#1"                     [id=24608, stack(0x0000001242a00000,0x0000001242b00000) (1024K)]
  0x000001e29f627fa0 WorkerThread "GC Thread#2"                     [id=40384, stack(0x0000001242b00000,0x0000001242c00000) (1024K)]
  0x000001e29f627320 WorkerThread "GC Thread#3"                     [id=20192, stack(0x0000001242c00000,0x0000001242d00000) (1024K)]
  0x000001e29f6c27d0 WorkerThread "GC Thread#4"                     [id=23164, stack(0x0000001242d00000,0x0000001242e00000) (1024K)]
  0x000001e29f535000 WorkerThread "GC Thread#5"                     [id=44152, stack(0x0000001242e00000,0x0000001242f00000) (1024K)]
  0x000001e29f5353b0 WorkerThread "GC Thread#6"                     [id=52104, stack(0x0000001242f00000,0x0000001243000000) (1024K)]
  0x000001e29f69e1a0 WorkerThread "GC Thread#7"                     [id=35560, stack(0x0000001243000000,0x0000001243100000) (1024K)]
  0x000001e2566407b0 ConcurrentGCThread "G1 Main Marker"            [id=32460, stack(0x0000001241300000,0x0000001241400000) (1024K)]
  0x000001e240306d80 WorkerThread "G1 Conc#0"                       [id=39648, stack(0x0000001241400000,0x0000001241500000) (1024K)]
  0x000001e29fab9fa0 WorkerThread "G1 Conc#1"                       [id=43968, stack(0x0000001243300000,0x0000001243400000) (1024K)]
  0x000001e2566bbcf0 ConcurrentGCThread "G1 Refine#0"               [id=20044, stack(0x0000001241500000,0x0000001241600000) (1024K)]
  0x000001e2566bc230 ConcurrentGCThread "G1 Service"                [id=40436, stack(0x0000001241600000,0x0000001241700000) (1024K)]
Total: 15

Threads with active compile tasks:
Total: 0

VM state: not at safepoint (normal execution)

VM Mutex/Monitor currently owned by a thread: None

Heap address: 0x0000000604000000, size: 8128 MB, Compressed Oops mode: Zero based, Oop shift amount: 3

CDS archive(s) mapped at: [0x000001e25a000000-0x000001e25ad40000-0x000001e25ad40000), size 13893632, SharedBaseAddress: 0x000001e25a000000, ArchiveRelocationMode: 1.
Compressed class space mapped at: 0x000001e25b000000-0x000001e29b000000, reserved size: 1073741824
UseCompressedClassPointers 1, UseCompactObjectHeaders 0
Narrow klass pointer bits 32, Max shift 3
Narrow klass base: 0x000001e25a000000, Narrow klass shift: 0
Encoding Range: [0x000001e25a000000 - 0x000001e35a000000), (4294967296 bytes)
Klass Range:    [0x000001e25a000000 - 0x000001e29b000000), (1090519040 bytes)
Klass ID Range:  [8 - 1090519033) (1090519025)

GC Precious Log:
 CardTable entry size: 512
 Card Set container configuration: InlinePtr #cards 4 size 8 Array Of Cards #cards 32 size 80 Howl #buckets 8 coarsen threshold 7372 Howl Bitmap #cards 1024 size 144 coarsen threshold 921 Card regions per heap region 1 cards per card region 8192
 CPUs: 8 total, 8 available
 Memory: 32510M
 Large Page Support: Disabled
 NUMA Support: Disabled
 Compressed Oops: Enabled (Zero based)
 Heap Region Size: 4M
 Heap Min Capacity: 8M
 Heap Initial Capacity: 508M
 Heap Max Capacity: 8128M
 Pre-touch: Disabled
 Parallel Workers: 8
 Concurrent Workers: 2
 Concurrent Refinement Workers: 8
 Periodic GC: Disabled

Heap:
 garbage-first heap   total reserved 8323072K, committed 86016K, used 37846K [0x0000000604000000, 0x0000000800000000)
  region size 4096K, 4 young (16384K), 2 survivors (8192K)
 Metaspace       used 72338K, committed 73024K, reserved 1114112K
  class space    used 8137K, committed 8448K, reserved 1048576K

Heap Regions: E=young(eden), S=young(survivor), O=old, HS=humongous(starts), HC=humongous(continues), CS=collection set, F=free, TAMS=top-at-mark-start, PB=parsable bottom
|   0|0x0000000604000000, 0x0000000604400000, 0x0000000604400000|100%| O|  |TAMS 0x0000000604000000| PB 0x0000000604000000| Untracked |  0
|   1|0x0000000604400000, 0x0000000604800000, 0x0000000604800000|100%| O|  |TAMS 0x0000000604400000| PB 0x0000000604400000| Untracked |  0
|   2|0x0000000604800000, 0x0000000604c00000, 0x0000000604c00000|100%| O|  |TAMS 0x0000000604800000| PB 0x0000000604800000| Untracked |  0
|   3|0x0000000604c00000, 0x0000000605000000, 0x0000000605000000|100%| O|  |TAMS 0x0000000604c00000| PB 0x0000000604c00000| Untracked |  0
|   4|0x0000000605000000, 0x0000000605000000, 0x0000000605400000|  0%| F|  |TAMS 0x0000000605000000| PB 0x0000000605000000| Untracked |  0
|   5|0x0000000605400000, 0x0000000605800000, 0x0000000605800000|100%| O|  |TAMS 0x0000000605400000| PB 0x0000000605400000| Untracked |  0
|   6|0x0000000605800000, 0x0000000605c00000, 0x0000000605c00000|100%| O|  |TAMS 0x0000000605800000| PB 0x0000000605800000| Untracked |  0
|   7|0x0000000605c00000, 0x0000000605d73a38, 0x0000000606000000| 36%| O|  |TAMS 0x0000000605c00000| PB 0x0000000605c00000| Untracked |  0
|   8|0x0000000606000000, 0x0000000606000000, 0x0000000606400000|  0%| F|  |TAMS 0x0000000606000000| PB 0x0000000606000000| Untracked |  0
|   9|0x0000000606400000, 0x0000000606400000, 0x0000000606800000|  0%| F|  |TAMS 0x0000000606400000| PB 0x0000000606400000| Untracked |  0
|  10|0x0000000606800000, 0x0000000606b82040, 0x0000000606c00000| 87%| S|CS|TAMS 0x0000000606800000| PB 0x0000000606800000| Complete |  0
|  11|0x0000000606c00000, 0x0000000607000000, 0x0000000607000000|100%| S|CS|TAMS 0x0000000606c00000| PB 0x0000000606c00000| Complete |  0
|  12|0x0000000607000000, 0x0000000607000000, 0x0000000607400000|  0%| F|  |TAMS 0x0000000607000000| PB 0x0000000607000000| Untracked |  0
|  13|0x0000000607400000, 0x0000000607400000, 0x0000000607800000|  0%| F|  |TAMS 0x0000000607400000| PB 0x0000000607400000| Untracked |  0
|  14|0x0000000607800000, 0x0000000607800000, 0x0000000607c00000|  0%| F|  |TAMS 0x0000000607800000| PB 0x0000000607800000| Untracked |  0
|  15|0x0000000607c00000, 0x0000000607c00000, 0x0000000608000000|  0%| F|  |TAMS 0x0000000607c00000| PB 0x0000000607c00000| Untracked |  0
| 111|0x000000061fc00000, 0x000000061fc00000, 0x0000000620000000|  0%| F|  |TAMS 0x000000061fc00000| PB 0x000000061fc00000| Untracked |  0
| 112|0x0000000620000000, 0x0000000620000000, 0x0000000620400000|  0%| F|  |TAMS 0x0000000620000000| PB 0x0000000620000000| Untracked |  0
| 115|0x0000000620c00000, 0x0000000620c00000, 0x0000000621000000|  0%| F|  |TAMS 0x0000000620c00000| PB 0x0000000620c00000| Untracked |  0
| 126|0x0000000623800000, 0x0000000623bfe488, 0x0000000623c00000| 99%| E|  |TAMS 0x0000000623800000| PB 0x0000000623800000| Complete |  0
|2031|0x00000007ffc00000, 0x0000000800000000, 0x0000000800000000|100%| E|CS|TAMS 0x00000007ffc00000| PB 0x00000007ffc00000| Complete |  0

Card table byte_map: [0x000001e24d720000,0x000001e24e700000] _byte_map_base: 0x000001e24a700000

Marking Bits: (CMBitMap*) 0x000001e25663feb0
 Bits: [0x000001e24e700000, 0x000001e256600000)

Polling page: 0x000001e23ea10000

Metaspace:

Usage:
  Non-class:     62.70 MB used.
      Class:      7.95 MB used.
       Both:     70.64 MB used.

Virtual space:
  Non-class space:       64.00 MB reserved,      63.06 MB ( 99%) committed,  1 nodes.
      Class space:        1.00 GB reserved,       8.25 MB ( <1%) committed,  1 nodes.
             Both:        1.06 GB reserved,      71.31 MB (  7%) committed. 

Chunk freelists:
   Non-Class:  878.00 KB
       Class:  7.61 MB
        Both:  8.47 MB

MaxMetaspaceSize: unlimited
CompressedClassSpaceSize: 1.00 GB
Initial GC threshold: 21.00 MB
Current GC threshold: 98.75 MB
CDS: on
 - commit_granule_bytes: 65536.
 - commit_granule_words: 8192.
 - virtual_space_node_default_size: 8388608.
 - enlarge_chunks_in_place: 1.
UseCompressedClassPointers 1, UseCompactObjectHeaders 0
Narrow klass pointer bits 32, Max shift 3
Narrow klass base: 0x000001e25a000000, Narrow klass shift: 0
Encoding Range: [0x000001e25a000000 - 0x000001e35a000000), (4294967296 bytes)
Klass Range:    [0x000001e25a000000 - 0x000001e29b000000), (1090519040 bytes)
Klass ID Range:  [8 - 1090519033) (1090519025)


Internal statistics:

num_allocs_failed_limit: 11.
num_arena_births: 814.
num_arena_deaths: 0.
num_vsnodes_births: 2.
num_vsnodes_deaths: 0.
num_space_committed: 1141.
num_space_uncommitted: 0.
num_chunks_returned_to_freelist: 11.
num_chunks_taken_from_freelist: 3193.
num_chunk_merges: 11.
num_chunk_splits: 2381.
num_chunks_enlarged: 1954.
num_inconsistent_stats: 0.

CodeCache: size=49152Kb used=11431Kb max_used=11431Kb free=37721Kb
 bounds [0x000001e248ec0000, 0x000001e249a40000, 0x000001e24bec0000]
 total_blobs=7622, nmethods=6870, adapters=675, full_count=0
Compilation: enabled, stopped_count=0, restarted_count=0

Compilation events (20 events):
Event: 7.856 Thread 0x000001e2a31b8f40 6940       1       jdk.jfr.internal.EventControl::getEventType (5 bytes)
Event: 7.856 Thread 0x000001e2a31a0860 6941       1       jdk.jfr.internal.EventControl::getSettingsId (5 bytes)
Event: 7.856 Thread 0x000001e2a267d0b0 6942       1       jdk.jfr.internal.EventControl::getNamedControls (5 bytes)
Event: 7.856 Thread 0x000001e2567d2c40 6943       1       jdk.jfr.internal.PlatformEventType::isEnabled (5 bytes)
Event: 7.856 Thread 0x000001e2a31a0860 nmethod 6941 0x000001e249164808 code [0x000001e249164900, 0x000001e2491649c8]
Event: 7.856 Thread 0x000001e2a31b8f40 nmethod 6940 0x000001e249164508 code [0x000001e249164600, 0x000001e2491646c8]
Event: 7.856 Thread 0x000001e2a31b8f40 6944   !   1       jdk.jfr.internal.Control::setValue (102 bytes)
Event: 7.856 Thread 0x000001e2a267d0b0 nmethod 6942 0x000001e249164208 code [0x000001e249164300, 0x000001e2491643c8]
Event: 7.856 Thread 0x000001e2567d2c40 nmethod 6943 0x000001e249163f08 code [0x000001e249164000, 0x000001e2491640c8]
Event: 7.856 Thread 0x000001e2a31a0860 6945       1       jdk.jfr.internal.SettingsManager$InternalSetting::getValues (35 bytes)
Event: 7.856 Thread 0x000001e2567d2c40 6946       1       jdk.jfr.internal.Control::apply (10 bytes)
Event: 7.856 Thread 0x000001e2a267d0b0 6947       1       jdk.jfr.internal.Control::findCombine (121 bytes)
Event: 7.856 Thread 0x000001e2a31a0860 nmethod 6945 0x000001e249163b88 code [0x000001e249163cc0, 0x000001e249163ec8]
Event: 7.856 Thread 0x000001e2567d2c40 nmethod 6946 0x000001e249163888 code [0x000001e2491639a0, 0x000001e249163ab0]
Event: 7.857 Thread 0x000001e2a267d0b0 nmethod 6947 0x000001e249162f08 code [0x000001e2491630c0, 0x000001e249163870]
Event: 7.857 Thread 0x000001e2a31b8f40 nmethod 6944 0x000001e249162608 code [0x000001e249162800, 0x000001e249162e90]
Event: 7.860 Thread 0x000001e2a31b8f40 6948       1       jdk.jfr.internal.periodic.EventTask::getEventType (5 bytes)
Event: 7.860 Thread 0x000001e2a31b8f40 nmethod 6948 0x000001e249162308 code [0x000001e249162400, 0x000001e2491624c8]
Event: 7.860 Thread 0x000001e2a31b8f40 6949       1       jdk.jfr.internal.periodic.PeriodicTask::getPeriod (5 bytes)
Event: 7.861 Thread 0x000001e2a31b8f40 nmethod 6949 0x000001e249162008 code [0x000001e249162100, 0x000001e2491621c8]

GC Heap History (20 events):
Event: 1.018 GC heap before
{Heap before GC invocations=0 (full 0):
 garbage-first heap   total reserved 8323072K, committed 524288K, used 46192K [0x0000000604000000, 0x0000000800000000)
  region size 4096K, 12 young (49152K), 0 survivors (0K)
 Metaspace       used 11546K, committed 11776K, reserved 1114112K
  class space    used 1169K, committed 1280K, reserved 1048576K
}
Event: 1.025 GC heap after
{Heap after GC invocations=1 (full 0):
 garbage-first heap   total reserved 8323072K, committed 524288K, used 10117K [0x0000000604000000, 0x0000000800000000)
  region size 4096K, 2 young (8192K), 2 survivors (8192K)
 Metaspace       used 11546K, committed 11776K, reserved 1114112K
  class space    used 1169K, committed 1280K, reserved 1048576K
}
Event: 1.611 GC heap before
{Heap before GC invocations=1 (full 0):
 garbage-first heap   total reserved 8323072K, committed 524288K, used 51077K [0x0000000604000000, 0x0000000800000000)
  region size 4096K, 13 young (53248K), 2 survivors (8192K)
 Metaspace       used 21222K, committed 21504K, reserved 1114112K
  class space    used 2353K, committed 2496K, reserved 1048576K
}
Event: 1.616 GC heap after
{Heap after GC invocations=2 (full 0):
 garbage-first heap   total reserved 8323072K, committed 524288K, used 14009K [0x0000000604000000, 0x0000000800000000)
  region size 4096K, 3 young (12288K), 3 survivors (12288K)
 Metaspace       used 21222K, committed 21504K, reserved 1114112K
  class space    used 2353K, committed 2496K, reserved 1048576K
}
Event: 2.009 GC heap before
{Heap before GC invocations=3 (full 0):
 garbage-first heap   total reserved 8323072K, committed 69632K, used 63161K [0x0000000604000000, 0x0000000800000000)
  region size 4096K, 15 young (61440K), 3 survivors (12288K)
 Metaspace       used 27656K, committed 27968K, reserved 1114112K
  class space    used 3047K, committed 3200K, reserved 1048576K
}
Event: 2.017 GC heap after
{Heap after GC invocations=4 (full 0):
 garbage-first heap   total reserved 8323072K, committed 86016K, used 17733K [0x0000000604000000, 0x0000000800000000)
  region size 4096K, 4 young (16384K), 4 survivors (16384K)
 Metaspace       used 27656K, committed 27968K, reserved 1114112K
  class space    used 3047K, committed 3200K, reserved 1048576K
}
Event: 2.331 GC heap before
{Heap before GC invocations=4 (full 0):
 garbage-first heap   total reserved 8323072K, committed 86016K, used 50501K [0x0000000604000000, 0x0000000800000000)
  region size 4096K, 12 young (49152K), 4 survivors (16384K)
 Metaspace       used 30920K, committed 31360K, reserved 1114112K
  class space    used 3439K, committed 3648K, reserved 1048576K
}
Event: 2.345 GC heap after
{Heap after GC invocations=5 (full 0):
 garbage-first heap   total reserved 8323072K, committed 86016K, used 18527K [0x0000000604000000, 0x0000000800000000)
  region size 4096K, 2 young (8192K), 2 survivors (8192K)
 Metaspace       used 30920K, committed 31360K, reserved 1114112K
  class space    used 3439K, committed 3648K, reserved 1048576K
}
Event: 2.725 GC heap before
{Heap before GC invocations=5 (full 0):
 garbage-first heap   total reserved 8323072K, committed 86016K, used 51295K [0x0000000604000000, 0x0000000800000000)
  region size 4096K, 11 young (45056K), 2 survivors (8192K)
 Metaspace       used 35672K, committed 36096K, reserved 1114112K
  class space    used 4033K, committed 4224K, reserved 1048576K
}
Event: 2.730 GC heap after
{Heap after GC invocations=6 (full 0):
 garbage-first heap   total reserved 8323072K, committed 86016K, used 21756K [0x0000000604000000, 0x0000000800000000)
  region size 4096K, 2 young (8192K), 2 survivors (8192K)
 Metaspace       used 35672K, committed 36096K, reserved 1114112K
  class space    used 4033K, committed 4224K, reserved 1048576K
}
Event: 3.191 GC heap before
{Heap before GC invocations=7 (full 0):
 garbage-first heap   total reserved 8323072K, committed 86016K, used 58620K [0x0000000604000000, 0x0000000800000000)
  region size 4096K, 11 young (45056K), 2 survivors (8192K)
 Metaspace       used 43977K, committed 44416K, reserved 1114112K
  class space    used 4942K, committed 5120K, reserved 1048576K
}
Event: 3.195 GC heap after
{Heap after GC invocations=8 (full 0):
 garbage-first heap   total reserved 8323072K, committed 86016K, used 23827K [0x0000000604000000, 0x0000000800000000)
  region size 4096K, 2 young (8192K), 2 survivors (8192K)
 Metaspace       used 43977K, committed 44416K, reserved 1114112K
  class space    used 4942K, committed 5120K, reserved 1048576K
}
Event: 3.723 GC heap before
{Heap before GC invocations=8 (full 0):
 garbage-first heap   total reserved 8323072K, committed 86016K, used 56595K [0x0000000604000000, 0x0000000800000000)
  region size 4096K, 11 young (45056K), 2 survivors (8192K)
 Metaspace       used 54275K, committed 54720K, reserved 1114112K
  class space    used 5988K, committed 6144K, reserved 1048576K
}
Event: 3.728 GC heap after
{Heap after GC invocations=9 (full 0):
 garbage-first heap   total reserved 8323072K, committed 86016K, used 26600K [0x0000000604000000, 0x0000000800000000)
  region size 4096K, 2 young (8192K), 2 survivors (8192K)
 Metaspace       used 54275K, committed 54720K, reserved 1114112K
  class space    used 5988K, committed 6144K, reserved 1048576K
}
Event: 4.134 GC heap before
{Heap before GC invocations=9 (full 0):
 garbage-first heap   total reserved 8323072K, committed 86016K, used 47080K [0x0000000604000000, 0x0000000800000000)
  region size 4096K, 8 young (32768K), 2 survivors (8192K)
 Metaspace       used 59961K, committed 60480K, reserved 1114112K
  class space    used 6689K, committed 6912K, reserved 1048576K
}
Event: 4.138 GC heap after
{Heap after GC invocations=10 (full 0):
 garbage-first heap   total reserved 8323072K, committed 86016K, used 27545K [0x0000000604000000, 0x0000000800000000)
  region size 4096K, 1 young (4096K), 1 survivors (4096K)
 Metaspace       used 59961K, committed 60480K, reserved 1114112K
  class space    used 6689K, committed 6912K, reserved 1048576K
}
Event: 4.834 GC heap before
{Heap before GC invocations=11 (full 0):
 garbage-first heap   total reserved 8323072K, committed 86016K, used 68505K [0x0000000604000000, 0x0000000800000000)
  region size 4096K, 11 young (45056K), 1 survivors (4096K)
 Metaspace       used 68053K, committed 68672K, reserved 1114112K
  class space    used 7570K, committed 7808K, reserved 1048576K
}
Event: 4.838 GC heap after
{Heap after GC invocations=12 (full 0):
 garbage-first heap   total reserved 8323072K, committed 86016K, used 30917K [0x0000000604000000, 0x0000000800000000)
  region size 4096K, 2 young (8192K), 2 survivors (8192K)
 Metaspace       used 68053K, committed 68672K, reserved 1114112K
  class space    used 7570K, committed 7808K, reserved 1048576K
}
Event: 7.793 GC heap before
{Heap before GC invocations=12 (full 0):
 garbage-first heap   total reserved 8323072K, committed 86016K, used 67781K [0x0000000604000000, 0x0000000800000000)
  region size 4096K, 11 young (45056K), 2 survivors (8192K)
 Metaspace       used 71891K, committed 72576K, reserved 1114112K
  class space    used 8069K, committed 8384K, reserved 1048576K
}
Event: 7.800 GC heap after
{Heap after GC invocations=13 (full 0):
 garbage-first heap   total reserved 8323072K, committed 86016K, used 33750K [0x0000000604000000, 0x0000000800000000)
  region size 4096K, 2 young (8192K), 2 survivors (8192K)
 Metaspace       used 71891K, committed 72576K, reserved 1114112K
  class space    used 8069K, committed 8384K, reserved 1048576K
}

Dll operation events (13 events):
Event: 0.046 Loaded shared library C:\Users\patrick.alves\.jdks\openjdk-24.0.1\bin\java.dll
Event: 0.221 Loaded shared library C:\Users\patrick.alves\.jdks\openjdk-24.0.1\bin\zip.dll
Event: 0.225 Loaded shared library C:\Users\patrick.alves\.jdks\openjdk-24.0.1\bin\instrument.dll
Event: 0.232 Loaded shared library C:\Users\patrick.alves\.jdks\openjdk-24.0.1\bin\net.dll
Event: 0.236 Loaded shared library C:\Users\patrick.alves\.jdks\openjdk-24.0.1\bin\nio.dll
Event: 0.240 Loaded shared library C:\Users\patrick.alves\.jdks\openjdk-24.0.1\bin\zip.dll
Event: 0.316 Loaded shared library C:\Users\patrick.alves\.jdks\openjdk-24.0.1\bin\jimage.dll
Event: 0.350 Loaded shared library C:\Users\patrick.alves\.jdks\openjdk-24.0.1\bin\extnet.dll
Event: 0.381 Loaded shared library C:\Users\patrick.alves\.jdks\openjdk-24.0.1\bin\management.dll
Event: 0.392 Loaded shared library C:\Users\patrick.alves\.jdks\openjdk-24.0.1\bin\management_ext.dll
Event: 1.840 Loaded shared library C:\Users\patrick.alves\.jdks\openjdk-24.0.1\bin\sunmscapi.dll
Event: 2.995 Loaded shared library C:\Users\patrick.alves\.jdks\openjdk-24.0.1\bin\verify.dll
Event: 7.747 Loaded shared library C:\Users\patrick.alves\AppData\Local\Temp\idea_libasyncProfiler_dll_temp_folder1\libasyncProfiler.dll

Deoptimization events (2 events):
Event: 3.407 Thread 0x000001e240288c20 DEOPT PACKING pc=0x000001e24934b084 sp=0x00000012411fcba0
Event: 3.407 Thread 0x000001e240288c20 DEOPT UNPACKING pc=0x000001e248f16642 sp=0x00000012411fc0d0 mode 0

Classes loaded (20 events):
Event: 7.840 Loading class jdk/jfr/internal/MetadataWriter
Event: 7.840 Loading class jdk/jfr/internal/MetadataWriter done
Event: 7.840 Loading class jdk/jfr/internal/MetadataDescriptor$Element
Event: 7.840 Loading class jdk/jfr/internal/MetadataDescriptor$Element done
Event: 7.841 Loading class jdk/jfr/internal/MetadataDescriptor$Attribute
Event: 7.841 Loading class jdk/jfr/internal/MetadataDescriptor$Attribute done
Event: 7.846 Loading class jdk/jfr/internal/consumer/StringParser$Encoding
Event: 7.846 Loading class jdk/jfr/internal/consumer/StringParser$Encoding done
Event: 7.851 Loading class jdk/jfr/internal/consumer/RepositoryFiles
Event: 7.851 Loading class jdk/jfr/internal/consumer/RepositoryFiles done
Event: 7.855 Loading class jdk/jfr/internal/SettingsManager$InternalSetting
Event: 7.855 Loading class jdk/jfr/internal/SettingsManager$InternalSetting done
Event: 7.855 Loading class jdk/jfr/internal/util/Rate
Event: 7.855 Loading class jdk/jfr/internal/util/Rate done
Event: 7.856 Loading class jdk/jfr/internal/util/TimespanUnit
Event: 7.856 Loading class jdk/jfr/internal/util/TimespanUnit done
Event: 7.856 Loading class jdk/jfr/internal/util/ValueParser
Event: 7.856 Loading class jdk/jfr/internal/util/ValueParser done
Event: 7.857 Loading class jdk/jfr/internal/periodic/PeriodicType
Event: 7.857 Loading class jdk/jfr/internal/periodic/PeriodicType done

Classes unloaded (0 events):
No events

Classes redefined (0 events):
No events

Internal exceptions (20 events):
Event: 4.844 Thread 0x000001e240288c20 Exception <a 'java/lang/NoSuchMethodError'{0x00000007ffc50140}: 'int java.lang.invoke.DirectMethodHandle$Holder.invokeStaticInit(java.lang.Object, int, java.lang.Object, java.lang.Object, java.lang.Object, java.lang.Object)'> (0x00000007ffc50140) 
thrown [s\open\src\hotspot\share\interpreter\linkResolver.cpp, line 805]
Event: 4.860 Thread 0x000001e240288c20 Exception <a 'java/lang/NoSuchMethodError'{0x00000007ffd98a20}: 'java.lang.Object java.lang.invoke.DirectMethodHandle$Holder.invokeInterface(java.lang.Object, java.lang.Object, java.lang.Object, java.lang.Object)'> (0x00000007ffd98a20) 
thrown [s\open\src\hotspot\share\interpreter\linkResolver.cpp, line 805]
Event: 4.921 Thread 0x000001e240288c20 Exception <a 'java/lang/NoSuchMethodError'{0x0000000623b38840}: 'java.lang.Object java.lang.invoke.DirectMethodHandle$Holder.newInvokeSpecial(java.lang.Object, java.lang.Object, java.lang.Object, java.lang.Object, java.lang.Object, java.lang.Object, java.lang.Object, java.lang.Object)'> (0x0000000623b38840) 
thrown [s\open\src\hotspot\share\interpreter\linkResolver.cpp, line 805]
Event: 4.937 Thread 0x000001e240288c20 Exception <a 'java/io/IOException'{0x0000000620c91500}> (0x0000000620c91500) 
thrown [s\open\src\hotspot\share\prims\jni.cpp, line 518]
Event: 4.942 Thread 0x000001e240288c20 Exception <a 'java/lang/NoSuchMethodError'{0x0000000620cf2f40}: 'void java.lang.invoke.DirectMethodHandle$Holder.invokeVirtual(java.lang.Object, java.lang.Object, java.lang.Object, java.lang.Object)'> (0x0000000620cf2f40) 
thrown [s\open\src\hotspot\share\interpreter\linkResolver.cpp, line 805]
Event: 5.041 Thread 0x000001e240288c20 Exception <a 'java/lang/IncompatibleClassChangeError'{0x000000061fd5e1b0}: Found class java.lang.Object, but interface was expected> (0x000000061fd5e1b0) 
thrown [s\open\src\hotspot\share\interpreter\linkResolver.cpp, line 872]
Event: 5.072 Thread 0x000001e240288c20 Exception <a 'java/lang/NoSuchMethodError'{0x000000061ffb39f8}: 'void java.lang.invoke.DirectMethodHandle$Holder.invokeVirtual(java.lang.Object, java.lang.Object, long)'> (0x000000061ffb39f8) 
thrown [s\open\src\hotspot\share\interpreter\linkResolver.cpp, line 805]
Event: 5.082 Thread 0x000001e240288c20 Exception <a 'java/lang/NoSuchMethodError'{0x0000000607ce37e0}: 'java.lang.Object java.lang.invoke.DirectMethodHandle$Holder.invokeSpecial(java.lang.Object, java.lang.Object, int, int, int, int)'> (0x0000000607ce37e0) 
thrown [s\open\src\hotspot\share\interpreter\linkResolver.cpp, line 805]
Event: 5.082 Thread 0x000001e240288c20 Exception <a 'java/lang/NoSuchMethodError'{0x0000000607cf3d88}: 'java.lang.Object java.lang.invoke.DelegatingMethodHandle$Holder.reinvoke_L(java.lang.Object, java.lang.Object, int, int, int, int)'> (0x0000000607cf3d88) 
thrown [s\open\src\hotspot\share\interpreter\linkResolver.cpp, line 805]
Event: 5.099 Thread 0x000001e240288c20 Exception <a 'java/lang/NoSuchMethodError'{0x0000000607e481b0}: 'int java.lang.invoke.DirectMethodHandle$Holder.invokeStaticInit(java.lang.Object, java.lang.Object, java.lang.Object, java.lang.Object)'> (0x0000000607e481b0) 
thrown [s\open\src\hotspot\share\interpreter\linkResolver.cpp, line 805]
Event: 5.141 Thread 0x000001e240288c20 Exception <a 'java/lang/IncompatibleClassChangeError'{0x00000006079717b8}: Found class java.lang.Object, but interface was expected> (0x00000006079717b8) 
thrown [s\open\src\hotspot\share\interpreter\linkResolver.cpp, line 872]
Event: 5.196 Thread 0x000001e240288c20 Exception <a 'java/lang/NoSuchMethodError'{0x00000006075c4598}: 'java.lang.Object java.lang.invoke.DirectMethodHandle$Holder.newInvokeSpecial(java.lang.Object, java.lang.Object, int, java.lang.Object, java.lang.Object)'> (0x00000006075c4598) 
thrown [s\open\src\hotspot\share\interpreter\linkResolver.cpp, line 805]
Event: 5.621 Thread 0x000001e2567c7b50 Exception <a 'java/lang/NoSuchMethodError'{0x0000000607111130}: 'java.lang.Object java.lang.invoke.DirectMethodHandle$Holder.invokeInterface(java.lang.Object, java.lang.Object, java.lang.Object, java.lang.Object, java.lang.Object, java.lang.Object, java.lang.Object)'> (0x0000000607111130) 
thrown [s\open\src\hotspot\share\interpreter\linkResolver.cpp, line 805]
Event: 5.622 Thread 0x000001e2567c7b50 Exception <a 'java/lang/NoSuchMethodError'{0x0000000607163df0}: 'java.lang.Object java.lang.invoke.DirectMethodHandle$Holder.invokeStatic(java.lang.Object, java.lang.Object, java.lang.Object, java.lang.Object, java.lang.Object, java.lang.Object, java.lang.Object, java.lang.Object, java.lang.Object, java.lang.Object)'> (0x0000000607163df0) 
thrown [s\open\src\hotspot\share\interpreter\linkResolver.cpp, line 805]
Event: 7.781 Thread 0x000001e2567c0e00 Exception <a 'java/lang/NoSuchMethodError'{0x000000060729d840}: 'void java.lang.invoke.DirectMethodHandle$Holder.invokeStaticInit(java.lang.Object)'> (0x000000060729d840) 
thrown [s\open\src\hotspot\share\interpreter\linkResolver.cpp, line 805]
Event: 7.827 Thread 0x000001e2567c0e00 Exception <a 'java/lang/NoSuchMethodError'{0x0000000623825028}: 'void java.lang.invoke.DirectMethodHandle$Holder.invokeSpecial(java.lang.Object, java.lang.Object, int)'> (0x0000000623825028) 
thrown [s\open\src\hotspot\share\interpreter\linkResolver.cpp, line 805]
Event: 7.827 Thread 0x000001e2567c0e00 Exception <a 'java/lang/NoSuchMethodError'{0x000000062382cc48}: 'void java.lang.invoke.Invokers$Holder.invokeExact_MT(java.lang.Object, int, java.lang.Object)'> (0x000000062382cc48) 
thrown [s\open\src\hotspot\share\interpreter\linkResolver.cpp, line 805]
Event: 7.833 Thread 0x000001e2567c0e00 Exception <a 'sun/nio/fs/WindowsException'{0x000000062387ac18}> (0x000000062387ac18) 
thrown [s\open\src\hotspot\share\prims\jni.cpp, line 518]
Event: 7.836 Thread 0x000001e2567c0e00 Exception <a 'sun/nio/fs/WindowsException'{0x00000006238b0cb8}> (0x00000006238b0cb8) 
thrown [s\open\src\hotspot\share\prims\jni.cpp, line 518]
Event: 7.838 Thread 0x000001e2567c0e00 Exception <a 'sun/nio/fs/WindowsException'{0x00000006238c2f18}> (0x00000006238c2f18) 
thrown [s\open\src\hotspot\share\prims\jni.cpp, line 518]

VM Operations (20 events):
Event: 4.525 Executing VM operation: HandshakeAllThreads (Deoptimize)
Event: 4.525 Executing VM operation: HandshakeAllThreads (Deoptimize) done
Event: 4.745 Executing VM operation: HandshakeAllThreads (Deoptimize)
Event: 4.745 Executing VM operation: HandshakeAllThreads (Deoptimize) done
Event: 4.746 Executing VM operation: HandshakeAllThreads (Deoptimize)
Event: 4.746 Executing VM operation: HandshakeAllThreads (Deoptimize) done
Event: 4.834 Executing VM operation: G1CollectForAllocation (G1 Evacuation Pause)
Event: 4.838 Executing VM operation: G1CollectForAllocation (G1 Evacuation Pause) done
Event: 4.974 Executing VM operation: HandshakeAllThreads (Deoptimize)
Event: 4.974 Executing VM operation: HandshakeAllThreads (Deoptimize) done
Event: 4.975 Executing VM operation: HandshakeAllThreads (Deoptimize)
Event: 4.975 Executing VM operation: HandshakeAllThreads (Deoptimize) done
Event: 5.051 Executing VM operation: HandshakeAllThreads (Deoptimize)
Event: 5.051 Executing VM operation: HandshakeAllThreads (Deoptimize) done
Event: 5.088 Executing VM operation: HandshakeAllThreads (Deoptimize)
Event: 5.088 Executing VM operation: HandshakeAllThreads (Deoptimize) done
Event: 7.792 Executing VM operation: G1CollectForAllocation (G1 Evacuation Pause)
Event: 7.800 Executing VM operation: G1CollectForAllocation (G1 Evacuation Pause) done
Event: 7.852 Executing VM operation: JFRSafepointClear
Event: 7.852 Executing VM operation: JFRSafepointClear done

Memory protections (0 events):
No events

Nmethod flushes (20 events):
Event: 4.160 Thread 0x000001e2567aa5d0 flushing  nmethod 0x000001e2491cc408
Event: 4.160 Thread 0x000001e2567aa5d0 flushing  nmethod 0x000001e2491cdc88
Event: 4.160 Thread 0x000001e2567aa5d0 flushing  nmethod 0x000001e2493baa08
Event: 4.160 Thread 0x000001e2567aa5d0 flushing  nmethod 0x000001e249471c88
Event: 4.160 Thread 0x000001e2567aa5d0 flushing  nmethod 0x000001e2494a0c08
Event: 4.160 Thread 0x000001e2567aa5d0 flushing  nmethod 0x000001e24955e688
Event: 4.160 Thread 0x000001e2567aa5d0 flushing  nmethod 0x000001e249561a08
Event: 4.160 Thread 0x000001e2567aa5d0 flushing  nmethod 0x000001e249696888
Event: 4.160 Thread 0x000001e2567aa5d0 flushing  nmethod 0x000001e2492fae88
Event: 4.160 Thread 0x000001e2567aa5d0 flushing  nmethod 0x000001e24947dd88
Event: 4.160 Thread 0x000001e2567aa5d0 flushing  nmethod 0x000001e249595208
Event: 4.160 Thread 0x000001e2567aa5d0 flushing  nmethod 0x000001e2495f6508
Event: 4.160 Thread 0x000001e2567aa5d0 flushing  nmethod 0x000001e24960d808
Event: 4.160 Thread 0x000001e2567aa5d0 flushing  nmethod 0x000001e2496dd188
Event: 4.160 Thread 0x000001e2567aa5d0 flushing  nmethod 0x000001e2492f8388
Event: 4.160 Thread 0x000001e2567aa5d0 flushing  nmethod 0x000001e2495def08
Event: 4.160 Thread 0x000001e2567aa5d0 flushing  nmethod 0x000001e249603288
Event: 4.160 Thread 0x000001e2567aa5d0 flushing  nmethod 0x000001e249604488
Event: 4.160 Thread 0x000001e2567aa5d0 flushing  nmethod 0x000001e2496a1208
Event: 4.160 Thread 0x000001e2567aa5d0 flushing  nmethod 0x000001e2496d8688

Events (20 events):
Event: 5.202 Thread 0x000001e240288c20 Thread added: 0x000001e2a11e3360
Event: 5.202 Thread 0x000001e240288c20 Thread added: 0x000001e2a11e6690
Event: 5.208 Thread 0x000001e240288c20 Thread added: 0x000001e2a11e4200
Event: 5.208 Thread 0x000001e240288c20 Thread added: 0x000001e2a11e57f0
Event: 5.222 Thread 0x000001e240288c20 Thread exited: 0x000001e240288c20
Event: 5.222 Thread 0x000001e2a11e3ab0 Thread added: 0x000001e2a11e3ab0
Event: 5.614 Thread 0x000001e2567c7b50 Thread added: 0x000001e2a11e6de0
Event: 5.618 Thread 0x000001e2a11e6de0 Thread exited: 0x000001e2a11e6de0
Event: 5.618 Thread 0x000001e2567c7b50 Thread added: 0x000001e2a11e5f40
Event: 5.623 Thread 0x000001e2a11e5f40 Thread exited: 0x000001e2a11e5f40
Event: 5.624 Thread 0x000001e2567c7b50 Thread added: 0x000001e2a11e4950
Event: 5.628 Thread 0x000001e2a11e4950 Thread exited: 0x000001e2a11e4950
Event: 7.121 Thread 0x000001e2591d1570 Thread exited: 0x000001e2591d1570
Event: 7.121 Thread 0x000001e2591cedd0 Thread exited: 0x000001e2591cedd0
Event: 7.121 Thread 0x000001e2591cc630 Thread exited: 0x000001e2591cc630
Event: 7.781 Thread 0x000001e2567c0e00 Thread added: 0x000001e2a11e4950
Event: 7.812 Thread 0x000001e2567d2c40 Thread added: 0x000001e2a31a0860
Event: 7.827 Thread 0x000001e2567d2c40 Thread added: 0x000001e2a267d0b0
Event: 7.827 Thread 0x000001e2567d2c40 Thread added: 0x000001e2a31b8f40
Event: 7.830 Thread 0x000001e2567c0e00 Thread added: 0x000001e2a11e83d0


Dynamic libraries:
0x00007ff656590000 - 0x00007ff65659e000 	C:\Users\patrick.alves\.jdks\openjdk-24.0.1\bin\java.exe
0x00007ff9a5c80000 - 0x00007ff9a5ee0000 	C:\WINDOWS\SYSTEM32\ntdll.dll
0x00007ff9a4b70000 - 0x00007ff9a4c37000 	C:\WINDOWS\System32\KERNEL32.DLL
0x00007ff9a36b0000 - 0x00007ff9a3a7a000 	C:\WINDOWS\System32\KERNELBASE.dll
0x00007ff9a3260000 - 0x00007ff9a33ab000 	C:\WINDOWS\System32\ucrtbase.dll
0x00007ff99c110000 - 0x00007ff99c126000 	C:\Users\patrick.alves\.jdks\openjdk-24.0.1\bin\jli.dll
0x00007ff9796a0000 - 0x00007ff9796bb000 	C:\Users\patrick.alves\.jdks\openjdk-24.0.1\bin\VCRUNTIME140.dll
0x00007ff9a4c40000 - 0x00007ff9a4e0c000 	C:\WINDOWS\System32\USER32.dll
0x00007ff9a35c0000 - 0x00007ff9a35e7000 	C:\WINDOWS\System32\win32u.dll
0x00007ff9a3b80000 - 0x00007ff9a3baa000 	C:\WINDOWS\System32\GDI32.dll
0x00007ff9a3120000 - 0x00007ff9a3251000 	C:\WINDOWS\System32\gdi32full.dll
0x00007ff9a2e60000 - 0x00007ff9a2f03000 	C:\WINDOWS\System32\msvcp_win.dll
0x00007ff98b100000 - 0x00007ff98b397000 	C:\WINDOWS\WinSxS\amd64_microsoft.windows.common-controls_6595b64144ccf1df_6.0.26100.3624_none_3e086962e3345f24\COMCTL32.dll
0x00007ff9a4770000 - 0x00007ff9a4819000 	C:\WINDOWS\System32\msvcrt.dll
0x00007ff9a53a0000 - 0x00007ff9a53cf000 	C:\WINDOWS\System32\IMM32.DLL
0x000001e23e9a0000 - 0x000001e23e9b6000 	C:\WINDOWS\System32\umppc19508.dll
0x000001e23e9e0000 - 0x000001e23e9f3000 	C:\WINDOWS\System32\CsXumd64_19508.dll
0x00007ff9807b0000 - 0x00007ff9807bc000 	C:\Users\patrick.alves\.jdks\openjdk-24.0.1\bin\vcruntime140_1.dll
0x00007ff975c90000 - 0x00007ff975d1e000 	C:\Users\patrick.alves\.jdks\openjdk-24.0.1\bin\msvcp140.dll
0x00007ff927e10000 - 0x00007ff928bb2000 	C:\Users\patrick.alves\.jdks\openjdk-24.0.1\bin\server\jvm.dll
0x00007ff9a4aa0000 - 0x00007ff9a4b52000 	C:\WINDOWS\System32\ADVAPI32.dll
0x00007ff9a5550000 - 0x00007ff9a55f6000 	C:\WINDOWS\System32\sechost.dll
0x00007ff9a5b20000 - 0x00007ff9a5c36000 	C:\WINDOWS\System32\RPCRT4.dll
0x00007ff9a4a20000 - 0x00007ff9a4a94000 	C:\WINDOWS\System32\WS2_32.dll
0x00007ff9a2cb0000 - 0x00007ff9a2d0e000 	C:\WINDOWS\SYSTEM32\POWRPROF.dll
0x00007ff994dc0000 - 0x00007ff994df6000 	C:\WINDOWS\SYSTEM32\WINMM.dll
0x00007ff9988f0000 - 0x00007ff9988fb000 	C:\WINDOWS\SYSTEM32\VERSION.dll
0x00007ff9a2c80000 - 0x00007ff9a2c94000 	C:\WINDOWS\SYSTEM32\UMPDC.dll
0x00007ff9a1c30000 - 0x00007ff9a1c4a000 	C:\WINDOWS\SYSTEM32\kernel.appcore.dll
0x00007ff97b540000 - 0x00007ff97b54a000 	C:\Users\patrick.alves\.jdks\openjdk-24.0.1\bin\jimage.dll
0x00007ff9a0500000 - 0x00007ff9a0741000 	C:\WINDOWS\SYSTEM32\DBGHELP.DLL
0x00007ff9a5010000 - 0x00007ff9a5392000 	C:\WINDOWS\System32\combase.dll
0x00007ff9a4870000 - 0x00007ff9a4946000 	C:\WINDOWS\System32\OLEAUT32.dll
0x00007ff994d80000 - 0x00007ff994db9000 	C:\WINDOWS\SYSTEM32\dbgcore.DLL
0x00007ff9a33b0000 - 0x00007ff9a3449000 	C:\WINDOWS\System32\bcryptPrimitives.dll
0x00007ff997a00000 - 0x00007ff997a0f000 	C:\Users\patrick.alves\.jdks\openjdk-24.0.1\bin\instrument.dll
0x00007ff979680000 - 0x00007ff97969e000 	C:\Users\patrick.alves\.jdks\openjdk-24.0.1\bin\java.dll
0x00007ff9a5600000 - 0x00007ff9a5796000 	C:\WINDOWS\System32\ole32.dll
0x00007ff9a4040000 - 0x00007ff9a4769000 	C:\WINDOWS\System32\SHELL32.dll
0x00007ff9a3450000 - 0x00007ff9a35b8000 	C:\WINDOWS\System32\wintypes.dll
0x00007ff9a0850000 - 0x00007ff9a10a2000 	C:\WINDOWS\SYSTEM32\windows.storage.dll
0x00007ff9a3a90000 - 0x00007ff9a3b7d000 	C:\WINDOWS\System32\SHCORE.dll
0x00007ff9a4950000 - 0x00007ff9a49b4000 	C:\WINDOWS\System32\shlwapi.dll
0x00007ff9a2d70000 - 0x00007ff9a2d9f000 	C:\WINDOWS\SYSTEM32\profapi.dll
0x00007ff975c70000 - 0x00007ff975c87000 	C:\Users\patrick.alves\.jdks\openjdk-24.0.1\bin\zip.dll
0x00007ff97a420000 - 0x00007ff97a430000 	C:\Users\patrick.alves\.jdks\openjdk-24.0.1\bin\net.dll
0x00007ff9a2130000 - 0x00007ff9a219a000 	C:\WINDOWS\system32\mswsock.dll
0x00007ff979660000 - 0x00007ff979676000 	C:\Users\patrick.alves\.jdks\openjdk-24.0.1\bin\nio.dll
0x00007ff9a1400000 - 0x00007ff9a1525000 	C:\WINDOWS\SYSTEM32\DNSAPI.dll
0x00007ff9a13c0000 - 0x00007ff9a13f3000 	C:\WINDOWS\SYSTEM32\IPHLPAPI.DLL
0x00007ff9a57d0000 - 0x00007ff9a57da000 	C:\WINDOWS\System32\NSI.dll
0x00007ff9796f0000 - 0x00007ff9796f9000 	C:\Users\patrick.alves\.jdks\openjdk-24.0.1\bin\extnet.dll
0x00007ff998900000 - 0x00007ff99890b000 	C:\Windows\System32\rasadhlp.dll
0x00007ff99a650000 - 0x00007ff99a6d5000 	C:\WINDOWS\System32\fwpuclnt.dll
0x00007ff9793f0000 - 0x00007ff9793fa000 	C:\Users\patrick.alves\.jdks\openjdk-24.0.1\bin\management.dll
0x00007ff9786f0000 - 0x00007ff9786fb000 	C:\Users\patrick.alves\.jdks\openjdk-24.0.1\bin\management_ext.dll
0x00007ff9a4b60000 - 0x00007ff9a4b68000 	C:\WINDOWS\System32\PSAPI.DLL
0x00007ff9a24e0000 - 0x00007ff9a24fc000 	C:\WINDOWS\SYSTEM32\CRYPTSP.dll
0x00007ff9a1b90000 - 0x00007ff9a1bca000 	C:\WINDOWS\system32\rsaenh.dll
0x00007ff9a21d0000 - 0x00007ff9a21fb000 	C:\WINDOWS\SYSTEM32\USERENV.dll
0x00007ff9a2d40000 - 0x00007ff9a2d66000 	C:\WINDOWS\SYSTEM32\bcrypt.dll
0x00007ff9a2360000 - 0x00007ff9a236c000 	C:\WINDOWS\SYSTEM32\CRYPTBASE.dll
0x00007ff9775f0000 - 0x00007ff977608000 	C:\WINDOWS\system32\napinsp.dll
0x00007ff977650000 - 0x00007ff977662000 	C:\WINDOWS\System32\winrnr.dll
0x00007ff977610000 - 0x00007ff977640000 	C:\WINDOWS\system32\nlansp_c.dll
0x00007ff998250000 - 0x00007ff998266000 	C:\WINDOWS\system32\wshbth.dll
0x00007ff98baf0000 - 0x00007ff98bb3e000 	C:\WINDOWS\SYSTEM32\pdh.dll
0x00007ff98cb60000 - 0x00007ff98cb72000 	C:\WINDOWS\System32\perfproc.dll
0x00007ff978610000 - 0x00007ff97861e000 	C:\Users\patrick.alves\.jdks\openjdk-24.0.1\bin\sunmscapi.dll
0x00007ff9a2fa0000 - 0x00007ff9a3117000 	C:\WINDOWS\System32\CRYPT32.dll
0x00007ff9a2630000 - 0x00007ff9a2660000 	C:\WINDOWS\SYSTEM32\ncrypt.dll
0x00007ff9a25e0000 - 0x00007ff9a261f000 	C:\WINDOWS\SYSTEM32\NTASN1.dll
0x00007ff99cbe0000 - 0x00007ff99cbf1000 	C:\WINDOWS\System32\perfos.dll
0x00007ff9a10d0000 - 0x00007ff9a10e2000 	C:\WINDOWS\SYSTEM32\pfclient.dll
0x00007ff995b80000 - 0x00007ff995b90000 	C:\Users\patrick.alves\.jdks\openjdk-24.0.1\bin\verify.dll
0x00007ff9834e0000 - 0x00007ff9834e8000 	C:\WINDOWS\system32\wshunix.dll
0x00007ff95e090000 - 0x00007ff95e288000 	C:\Users\patrick.alves\AppData\Local\Temp\idea_libasyncProfiler_dll_temp_folder1\libasyncProfiler.dll

JVMTI agents:
C:\Users\patrick.alves\AppData\Local\Programs\IntelliJ IDEA Ultimate\lib\idea_rt.jar path:C:\Users\patrick.alves\.jdks\openjdk-24.0.1\bin\instrument.dll, loaded, initialized, instrumentlib options:58648

dbghelp: loaded successfully - version: 4.0.5 - missing functions: none
symbol engine: initialized successfully - sym options: 0x614 - pdb path: .;C:\Users\patrick.alves\.jdks\openjdk-24.0.1\bin;C:\WINDOWS\SYSTEM32;C:\WINDOWS\WinSxS\amd64_microsoft.windows.common-controls_6595b64144ccf1df_6.0.26100.3624_none_3e086962e3345f24;C:\Users\patrick.alves\.jdks\openjdk-24.0.1\bin\server;C:\Users\patrick.alves\AppData\Local\Temp\idea_libasyncProfiler_dll_temp_folder1

VM Arguments:
jvm_args: -XX:TieredStopAtLevel=1 -Dspring.output.ansi.enabled=always -Dcom.sun.management.jmxremote -Dspring.jmx.enabled=true -Dspring.liveBeansView.mbeanDomain -Dspring.application.admin.enabled=true -Dmanagement.endpoints.jmx.exposure.include=* -javaagent:C:\Users\patrick.alves\AppData\Local\Programs\IntelliJ IDEA Ultimate\lib\idea_rt.jar=58648 -Dfile.encoding=UTF-8 -Dsun.stdout.encoding=UTF-8 -Dsun.stderr.encoding=UTF-8 
java_command: com.ead.course.CourseApplication
java_class_path (initial): C:\Users\patrick.alves\Documents\projetos_pessoais\plataforma-ead-course\target\classes;C:\Users\patrick.alves\.m2\repository\org\springframework\boot\spring-boot-starter-web\3.4.4\spring-boot-starter-web-3.4.4.jar;C:\Users\patrick.alves\.m2\repository\org\springframework\boot\spring-boot-starter\3.4.4\spring-boot-starter-3.4.4.jar;C:\Users\patrick.alves\.m2\repository\org\springframework\boot\spring-boot\3.4.4\spring-boot-3.4.4.jar;C:\Users\patrick.alves\.m2\repository\org\springframework\boot\spring-boot-autoconfigure\3.4.4\spring-boot-autoconfigure-3.4.4.jar;C:\Users\patrick.alves\.m2\repository\jakarta\annotation\jakarta.annotation-api\2.1.1\jakarta.annotation-api-2.1.1.jar;C:\Users\patrick.alves\.m2\repository\org\yaml\snakeyaml\2.3\snakeyaml-2.3.jar;C:\Users\patrick.alves\.m2\repository\org\springframework\boot\spring-boot-starter-json\3.4.4\spring-boot-starter-json-3.4.4.jar;C:\Users\patrick.alves\.m2\repository\com\fasterxml\jackson\core\jackson-databind\2.18.3\jackson-databind-2.18.3.jar;C:\Users\patrick.alves\.m2\repository\com\fasterxml\jackson\core\jackson-annotations\2.18.3\jackson-annotations-2.18.3.jar;C:\Users\patrick.alves\.m2\repository\com\fasterxml\jackson\core\jackson-core\2.18.3\jackson-core-2.18.3.jar;C:\Users\patrick.alves\.m2\repository\com\fasterxml\jackson\datatype\jackson-datatype-jdk8\2.18.3\jackson-datatype-jdk8-2.18.3.jar;C:\Users\patrick.alves\.m2\repository\com\fasterxml\jackson\datatype\jackson-datatype-jsr310\2.18.3\jackson-datatype-jsr310-2.18.3.jar;C:\Users\patrick.alves\.m2\repository\com\fasterxml\jackson\module\jackson-module-parameter-names\2.18.3\jackson-module-parameter-names-2.18.3.jar;C:\Users\patrick.alves\.m2\repository\org\springframework\boot\spring-boot-starter-tomcat\3.4.4\spring-boot-starter-tomcat-3.4.4.jar;C:\Users\patrick.alves\.m2\repository\org\apache\tomcat\embed\tomcat-embed-core\10.1.39\tomcat-embed-core-10.1.39.jar;C:\Users\patrick.alves\.m2\repository\org\apache\tomcat\embed\tomcat-embed-websocket\10.1.39\tomcat-embed-websocket-10.1.39.jar;C:\Users\patrick.alves\.m2\repository\org\springframework\spring-web\6.2.5\spring-web-6.2.5.jar;C:\Users\patrick.alves\.m2\repository\org\springframework\spring-beans\6.2.5\spring-beans-6.2.5.jar;C:\Users\patrick.alves\.m2\repository\io\micrometer\micrometer-observation\1.14.5\micrometer-observation-1.14.5.jar;C:\Users\patrick.alves\.m2\repository\io\micrometer\micrometer-commons\1.14.5\micrometer-commons-1.14.5.jar;C:\Users\patrick.alves\.m2\repository\org\springframework\spring-webmvc\6.2.5\spring-webmvc-6.2.5.jar;C:\Users\patrick.alves\.m2\repository\org\springframework\spring-aop\6.2.5\spring-aop-6.2.5.jar;C:\Users\patrick.alves\.m2\repository\org\springframework\spring-context\6.2.5\spring-context-6.2.5.jar;C:\Users\patrick.alves\.m2\repository\org\springframework\spring-expression\6.2.5\spring-expression-6.2.5.jar;C:\Users\patrick.alves\.m2\repository\org\springframework\boot\spring-boot-starter-log4j2\3.4.4\spring-boot-starter-log4j2-3.4.4.jar;C:\Users\patrick.alves\.m2\repository\org\apache\logging\log4j\log4j-slf4j2-impl\2.24.3\log4j-slf4j2-impl-2.24.3.jar;C:\Users\patrick.alves\.m2\repository\org\apache\logging\log4j\log4j-api\2.24.3\log4j-api-2.24.3.jar;C:\Users\patrick.alves\.m2\repository\org\slf4j\slf4j-api\2.0.17\slf4j-api-2.0.17.jar;C:\Users\patrick.alves\.m2\repository\org\apache\logging\log4j\log4j-core\2.24.3\log4j-core-2.24.3.jar;C:\Users\patrick.alves\.m2\repository\org\apache\logging\log4j\log4j-jul\2.24.3\log4j-jul-2.24.3.jar;C:\Users\patrick.alves\.m2\repository\org\springframework\boot\spring-boot-starter-data-jpa\3.4.4\spring-boot-starter-data-jpa-3.4.4.jar;C:\Users\patrick.alves\.m2\repository\org\springframework\boot\spring-boot-starter-jdbc\3.4.4\spring-boot-starter-jdbc-3.4.4.jar;C:\Users\patrick.alves\.m2\repository\com\zaxxer\HikariCP\5.1.0\HikariCP-5.1.0.jar;C:\Users\patrick.alves\.m2\repository\org\springframework\spring-jdbc\6.2.5\spring-jdbc-6.2.5.jar;C:\Users\patrick.alves\.m2\repository\org\hibernate\orm\hibernate-core\6.6.11.Final\hibernate-core-6.6.11.Final.jar;C:\Users\patrick.alves\.m2\repository\jakarta\transaction\jakarta.transaction-api\2.0.1\jakarta.transaction-api-2.0.1.jar;C:\Users\patrick.alves\.m2\repository\org\jboss\logging\jboss-logging\3.6.1.Final\jboss-logging-3.6.1.Final.jar;C:\Users\patrick.alves\.m2\repository\org\hibernate\common\hibernate-commons-annotations\7.0.3.Final\hibernate-commons-annotations-7.0.3.Final.jar;C:\Users\patrick.alves\.m2\repository\io\smallrye\jandex\3.2.0\jandex-3.2.0.jar;C:\Users\patrick.alves\.m2\repository\com\fasterxml\classmate\1.7.0\classmate-1.7.0.jar;C:\Users\patrick.alves\.m2\repository\net\bytebuddy\byte-buddy\1.15.11\byte-buddy-1.15.11.jar;C:\Users\patrick.alves\.m2\repository\org\glassfish\jaxb\jaxb-runtime\4.0.5\jaxb-runtime-4.0.5.jar;C:\Users\patrick.alves\.m2\repository\org\glassfish\jaxb\jaxb-core\4.0.5\jaxb-core-4.0.5.jar;C:\Users\patrick.alves\.m2\repository\org\eclipse\angus\angus-activation\2.0.2\angus-activation-2.0.2.jar;C:\Users\patrick.alves\.m2\repository\org\glassfish\jaxb\txw2\4.0.5\txw2-4.0.5.jar;C:\Users\patrick.alves\.m2\repository\com\sun\istack\istack-commons-runtime\4.1.2\istack-commons-runtime-4.1.2.jar;C:\Users\patrick.alves\.m2\repository\jakarta\inject\jakarta.inject-api\2.0.1\jakarta.inject-api-2.0.1.jar;C:\Users\patrick.alves\.m2\repository\org\antlr\antlr4-runtime\4.13.0\antlr4-runtime-4.13.0.jar;C:\Users\patrick.alves\.m2\repository\org\springframework\data\spring-data-jpa\3.4.4\spring-data-jpa-3.4.4.jar;C:\Users\patrick.alves\.m2\repository\org\springframework\data\spring-data-commons\3.4.4\spring-data-commons-3.4.4.jar;C:\Users\patrick.alves\.m2\repository\org\springframework\spring-orm\6.2.5\spring-orm-6.2.5.jar;C:\Users\patrick.alves\.m2\repository\org\springframework\spring-tx\6.2.5\spring-tx-6.2.5.jar;C:\Users\patrick.alves\.m2\repository\org\springframework\spring-aspects\6.2.5\spring-aspects-6.2.5.jar;C:\Users\patrick.alves\.m2\repository\org\aspectj\aspectjweaver\1.9.23\aspectjweaver-1.9.23.jar;C:\Users\patrick.alves\.m2\repository\org\springframework\boot\spring-boot-starter-validation\3.4.4\spring-boot-starter-validation-3.4.4.jar;C:\Users\patrick.alves\.m2\repository\org\apache\tomcat\embed\tomcat-embed-el\10.1.39\tomcat-embed-el-10.1.39.jar;C:\Users\patrick.alves\.m2\repository\org\hibernate\validator\hibernate-validator\8.0.2.Final\hibernate-validator-8.0.2.Final.jar;C:\Users\patrick.alves\.m2\repository\jakarta\validation\jakarta.validation-api\3.0.2\jakarta.validation-api-3.0.2.jar;C:\Users\patrick.alves\.m2\repository\net\kaczmarzyk\specification-arg-resolver\3.1.0\specification-arg-resolver-3.1.0.jar;C:\Users\patrick.alves\.m2\repository\org\apache\commons\commons-lang3\3.17.0\commons-lang3-3.17.0.jar;C:\Users\patrick.alves\.m2\repository\jakarta\servlet\jakarta.servlet-api\6.0.0\jakarta.servlet-api-6.0.0.jar;C:\Users\patrick.alves\.m2\repository\jakarta\persistence\jakarta.persistence-api\3.1.0\jakarta.persistence-api-3.1.0.jar;C:\Users\patrick.alves\.m2\repository\org\postgresql\postgresql\42.7.5\postgresql-42.7.5.jar;C:\Users\patrick.alves\.m2\repository\org\checkerframework\checker-qual\3.48.3\checker-qual-3.48.3.jar;C:\Users\patrick.alves\.m2\repository\jakarta\xml\bind\jakarta.xml.bind-api\4.0.2\jakarta.xml.bind-api-4.0.2.jar;C:\Users\patrick.alves\.m2\repository\jakarta\activation\jakarta.activation-api\2.1.3\jakarta.activation-api-2.1.3.jar;C:\Users\patrick.alves\.m2\repository\org\springframework\spring-core\6.2.5\spring-core-6.2.5.jar;C:\Users\patrick.alves\.m2\repository\org\springframework\spring-jcl\6.2.5\spring-jcl-6.2.5.jar
Launcher Type: SUN_STANDARD

[Global flags]
     intx CICompilerCount                          = 4                                         {product} {ergonomic}
     uint ConcGCThreads                            = 2                                         {product} {ergonomic}
     bool FlightRecorder                           = true                                      {product} {management}
     uint G1ConcRefinementThreads                  = 8                                         {product} {ergonomic}
   size_t G1HeapRegionSize                         = 4194304                                   {product} {ergonomic}
   size_t InitialHeapSize                          = 532676608                                 {product} {ergonomic}
     bool ManagementServer                         = true                                      {product} {command line}
   size_t MarkStackSize                            = 4194304                                   {product} {ergonomic}
   size_t MarkStackSizeMax                         = 536870912                                 {product} {ergonomic}
   size_t MaxHeapSize                              = 8522825728                                {product} {ergonomic}
   size_t MaxNewSize                               = 5112856576                                {product} {ergonomic}
   size_t MinHeapDeltaBytes                        = 4194304                                   {product} {ergonomic}
   size_t MinHeapSize                              = 8388608                                   {product} {ergonomic}
    uintx NonNMethodCodeHeapSize                   = 4096                                   {pd product} {ergonomic}
    uintx NonProfiledCodeHeapSize                  = 0                                      {pd product} {ergonomic}
     bool ProfileInterpreter                       = false                                  {pd product} {command line}
    uintx ProfiledCodeHeapSize                     = 0                                      {pd product} {ergonomic}
   size_t SoftMaxHeapSize                          = 8522825728                             {manageable} {ergonomic}
     intx TieredStopAtLevel                        = 1                                         {product} {command line}
     bool UseCompressedOops                        = true                           {product lp64_product} {ergonomic}
     bool UseG1GC                                  = true                                      {product} {ergonomic}
     bool UseLargePagesIndividualAllocation        = false                                  {pd product} {ergonomic}

Logging:
Log output configuration:
 #0: stdout all=warning uptime,level,tags foldmultilines=false
 #1: stderr all=off uptime,level,tags foldmultilines=false

Environment Variables:
JAVA_HOME=C:\Program Files\Eclipse Adoptium\jdk-11.0.24.8-hotspot
PATH=C:\Program Files\Eclipse Adoptium\jdk-11.0.24.8-hotspot\bin;C:\Program Files (x86)\Common Files\Oracle\Java\javapath;C:\Program Files\Common Files\Oracle\Java\javapath;C:\Python312\Scripts\;C:\Python312\;C:\ORACLE\product\11.2.0\dbhome_1\bin;C:\WINDOWS\system32;C:\WINDOWS;C:\WINDOWS\System32\Wbem;C:\WINDOWS\System32\WindowsPowerShell\v1.0\;C:\WINDOWS\System32\OpenSSH\;C:\Program Files (x86)\Microsoft SQL Server\160\DTS\Binn\;C:\Program Files\Azure Data Studio\bin;C:\Program Files\dotnet\;C:\Program Files\Git\cmd;C:\Program Files\Docker\Docker\resources\bin;C:\Program Files\nodejs\;C:\ProgramData\chocolatey\bin;C:\Program Files\PuTTY\;C:\Program Files\PowerShell\7\;C:\Program Files (x86)\Sennheiser\SenncomSDK\;C:\Users\patrick.alves\AppData\Local\Programs\oh-my-posh\bin\;C:\Users\patrick.alves\.console-ninja\.bin;C:\Users\patrick.alves\AppData\Local\Microsoft\WindowsApps;C:\Users\patrick.alves\AppData\Local\Programs\Microsoft VS Code\bin;C:\Program Files\JetBrains\IntelliJ IDEA 2024.1.4\bin;C:\Users\patrick.alves\AppData\Roaming\npm;C:\Users\patrick.alves\AppData\Local\JetBrains\Toolbox\scripts;;C:\Users\patrick.alves\AppData\Local\Microsoft\WindowsApps;C:\Program Files\JetBrains\IntelliJ IDEA 2024.3.5\bin;
USERNAME=patrick.alves
OS=Windows_NT
PROCESSOR_IDENTIFIER=Intel64 Family 6 Model 140 Stepping 1, GenuineIntel
TMP=C:\Users\PATRIC~1.ALV\AppData\Local\Temp
TEMP=C:\Users\PATRIC~1.ALV\AppData\Local\Temp




Periodic native trim disabled

---------------  S Y S T E M  ---------------

OS:
 Windows 11 , 64 bit Build 26100 (10.0.26100.3775)
OS uptime: 20 days 0:31 hours
Hyper-V role detected

CPU: total 8 (initial active 8) (4 cores per cpu, 2 threads per core) family 6 model 140 stepping 1 microcode 0xb8, cx8, cmov, fxsr, ht, mmx, 3dnowpref, sse, sse2, sse3, ssse3, sse4.1, sse4.2, popcnt, lzcnt, tsc, tscinvbit, avx, avx2, aes, erms, clmul, bmi1, bmi2, adx, avx512f, avx512dq, avx512cd, avx512bw, avx512vl, sha, fma, vzeroupper, avx512_vpopcntdq, avx512_vpclmulqdq, avx512_vaes, avx512_vnni, clflush, clflushopt, clwb, avx512_vbmi2, avx512_vbmi, hv, rdtscp, rdpid, fsrm, gfni, avx512_bitalg, f16c, cet_ibt, cet_ss, avx512_ifma
Processor Information for processor 0
  Max Mhz: 1690, Current Mhz: 1690, Mhz Limit: 1690
Processor Information for processor 1
  Max Mhz: 1690, Current Mhz: 1690, Mhz Limit: 1690
Processor Information for processor 2
  Max Mhz: 1690, Current Mhz: 1690, Mhz Limit: 1690
Processor Information for processor 3
  Max Mhz: 1690, Current Mhz: 1690, Mhz Limit: 1690
Processor Information for processor 4
  Max Mhz: 1690, Current Mhz: 1690, Mhz Limit: 1690
Processor Information for processor 5
  Max Mhz: 1690, Current Mhz: 1192, Mhz Limit: 1690
Processor Information for processor 6
  Max Mhz: 1690, Current Mhz: 1192, Mhz Limit: 1690
Processor Information for processor 7
  Max Mhz: 1690, Current Mhz: 1690, Mhz Limit: 1690

Memory: 4k page, system-wide physical 32510M (10560M free)
TotalPageFile size 38940M (AvailPageFile size 6590M)
current process WorkingSet (physical memory assigned to process): 259M, peak: 259M
current process commit charge ("private bytes"): 321M, peak: 652M

vm_info: OpenJDK 64-Bit Server VM (24.0.1+9-30) for windows-amd64 JRE (24.0.1+9-30), built on 2025-03-05T07:23:45Z with MS VC++ 17.6 (VS2022)

END.
