#
# A fatal error has been detected by the Java Runtime Environment:
#
#  EXCEPTION_ACCESS_VIOLATION (0xc0000005) at pc=0x00007ff95e1226c4, pid=49428, tid=49528
#
# JRE version: OpenJDK Runtime Environment (24.0.1+9) (build 24.0.1+9-30)
# Java VM: OpenJDK 64-Bit Server VM (24.0.1+9-30, mixed mode, emulated-client, sharing, tiered, compressed oops, compressed class ptrs, g1 gc, windows-amd64)
# Problematic frame:
# C  [libasyncProfiler.dll+0x926c4]
#
# No core dump will be written. Minidumps are not enabled by default on client versions of Windows
#
# JFR recording file will be written. Location: C:\Users\patrick.alves\Documents\projetos_pessoais\plataforma-ead-course\hs_err_pid49428.jfr
#
# If you would like to submit a bug report, please visit:
#   https://bugreport.java.com/bugreport/crash.jsp
# The crash happened outside the Java Virtual Machine in native code.
# See problematic frame for where to report the bug.
#

---------------  S U M M A R Y ------------

Command Line: -XX:TieredStopAtLevel=1 -Dspring.output.ansi.enabled=always -Dcom.sun.management.jmxremote -Dspring.jmx.enabled=true -Dspring.liveBeansView.mbeanDomain -Dspring.application.admin.enabled=true -Dmanagement.endpoints.jmx.exposure.include=* -javaagent:C:\Users\patrick.alves\AppData\Local\Programs\IntelliJ IDEA Ultimate\lib\idea_rt.jar=58636 -Dfile.encoding=UTF-8 -Dsun.stdout.encoding=UTF-8 -Dsun.stderr.encoding=UTF-8 com.ead.course.CourseApplication

Host: 11th Gen Intel(R) Core(TM) i7-1165G7 @ 2.80GHz, 8 cores, 31G,  Windows 11 , 64 bit Build 26100 (10.0.26100.3775)
Time: Tue May 13 09:17:33 2025 Hora oficial do Brasil elapsed time: 2.053386 seconds (0d 0h 0m 2s)

---------------  T H R E A D  ---------------

Current thread (0x00000221c101c390):  JavaThread "Attach Listener" daemon [_thread_in_native, id=49528, stack(0x00000097bcc00000,0x00000097bcd00000) (1024K)]

Stack: [0x00000097bcc00000,0x00000097bcd00000],  sp=0x00000097bccff0c0,  free space=1020k
Native frames: (J=compiled Java code, j=interpreted, Vv=VM code, C=native code)
C  [libasyncProfiler.dll+0x926c4]  (no source info available)
C  [libasyncProfiler.dll+0x92b9b]  (no source info available)
C  [libasyncProfiler.dll+0x917f4]  (no source info available)
C  [libasyncProfiler.dll+0x9206a]  (no source info available)
C  [libasyncProfiler.dll+0x8cc21]  (no source info available)
C  [libasyncProfiler.dll+0x7e5e1]  (no source info available)
C  [libasyncProfiler.dll+0x7d2f8]  (no source info available)
C  [libasyncProfiler.dll+0x7d1e0]  (no source info available)
C  [libasyncProfiler.dll+0x841b9]  (no source info available)
V  [jvm.dll+0x57eff7]  (no source info available)
V  [jvm.dll+0x57fdac]  (no source info available)
V  [jvm.dll+0x14ca17]  (no source info available)
V  [jvm.dll+0x14dfe1]  (no source info available)
V  [jvm.dll+0x42f456]  (no source info available)
V  [jvm.dll+0x87d76b]  (no source info available)
V  [jvm.dll+0x72ee55]  (no source info available)
C  [ucrtbase.dll+0x37b0]  (no source info available)
C  [KERNEL32.DLL+0x2e8d7]  (no source info available)
C  [ntdll.dll+0xb14fc]  (no source info available)


siginfo: EXCEPTION_ACCESS_VIOLATION (0xc0000005), reading address 0xffffffffffffffff


Registers:
RAX=0x0000000000000010, RBX=0x0000000000000000, RCX=0xffffffffffffffff, RDX=0x007ff92886300010
RSP=0x00000097bccff0c0, RBP=0x00000221c64e4390, RSI=0x00000097bccff230, RDI=0x00000221c64e4390
R8 =0x0000000000000042, R9 =0x00000006200e7e18, R10=0x00007ff928ad9fb0, R11=0x000000000000000c
R12=0x00000097bccff230, R13=0x00000221c6663480, R14=0x00000221c101c758, R15=0x00000221c101c758
RIP=0x00007ff95e1226c4, EFLAGS=0x0000000000010202

XMM[0]=0x0000000000000000 0x0000000000000000
XMM[1]=0x0000000000000000 0x0000000000000000
XMM[2]=0x0000000000000000 0x0000000000000000
XMM[3]=0x0000000000000000 0x0000000000000000
XMM[4]=0x0000000000000000 0x0000000000000000
XMM[5]=0x0000000000000000 0x0000000000000000
XMM[6]=0x0000000000000000 0x0000000000000000
XMM[7]=0x0000000000000000 0x0000000000000000
XMM[8]=0x0000000000000000 0x0000000000000000
XMM[9]=0x0000000000000000 0x0000000000000000
XMM[10]=0x0000000000000000 0x0000000000000000
XMM[11]=0x0000000000000000 0x0000000000000000
XMM[12]=0x0000000000000000 0x0000000000000000
XMM[13]=0x0000000000000000 0x0000000000000000
XMM[14]=0x0000000000000000 0x0000000000000000
XMM[15]=0x0000000000000000 0x0000000000000000
  MXCSR=0x00001fa0


Register to memory mapping:

RAX=0x0000000000000010 is an unknown value
RBX=0x0 is null
RCX=0xffffffffffffffff is an unknown value
RDX=0x007ff92886300010 is an unknown value
RSP=0x00000097bccff0c0 is pointing into the stack for thread: 0x00000221c101c390
RBP=0x00000221c64e4390 points into unknown readable memory: 0x00000006200e7e18 | 18 7e 0e 20 06 00 00 00
RSI=0x00000097bccff230 is pointing into the stack for thread: 0x00000221c101c390
RDI=0x00000221c64e4390 points into unknown readable memory: 0x00000006200e7e18 | 18 7e 0e 20 06 00 00 00
R8 =0x0000000000000042 is an unknown value
R9 =0x00000006200e7e18 is an oop: java.lang.Thread 
{0x00000006200e7e18} - klass: 'java/lang/Thread' - flags: 

 - ---- fields (total size 14 words):
 - 'threadLocalRandomProbe' 'I' @12  -1640531527 (0x9e3779b9)
 - private volatile 'eetop' 'J' @16  2344276031856 (0x00000221d1bd7970)
 - private final 'tid' 'J' @24  3 (0x0000000000000003)
 - 'threadLocalRandomSeed' 'J' @32  -4787160691563984636 (0xbd9096b6e89d8904)
 - injected 'jvmti_thread_state' 'J' @40  2344086603936 (0x00000221c67308a0)
 - 'threadLocalRandomSecondarySeed' 'I' @48  28295213 (0x01afc02d)
 - injected 'jvmti_VTMS_transition_disable_count' 'I' @52  0 (0x00000000)
 - injected 'jfr_epoch' 'S' @56  0 (0x0000)
 - volatile 'interrupted' 'Z' @58  false (0x00)
 - injected 'jvmti_is_in_VTMS_transition' 'Z' @59  false (0x00)
 - private volatile 'name' 'Ljava/lang/String;' @60  "main"{0x00000006200e88e8} (0xc401d11d)
 - private volatile 'contextClassLoader' 'Ljava/lang/ClassLoader;' @64  a 'jdk/internal/loader/ClassLoaders$AppClassLoader'{0x0000000620000000} (0xc4000000)
 - private final 'holder' 'Ljava/lang/Thread$FieldHolder;' @68  a 'java/lang/Thread$FieldHolder'{0x00000006200e8918} (0xc401d123)
 - 'threadLocals' 'Ljava/lang/ThreadLocal$ThreadLocalMap;' @72  a 'java/lang/ThreadLocal$ThreadLocalMap'{0x00000006200e8940} (0xc401d128)
 - 'inheritableThreadLocals' 'Ljava/lang/ThreadLocal$ThreadLocalMap;' @76  null (0x00000000)
 - private 'scopedValueBindings' 'Ljava/lang/Object;' @80  a 'java/lang/Class'{0x00000007ffc7c258} = 'java/lang/Thread' (0xfff8f84b)
 - final 'interruptLock' 'Ljava/lang/Object;' @84  a 'java/lang/Object'{0x000000061f82e370} (0xc3f05c6e)
 - private volatile 'parkBlocker' 'Ljava/lang/Object;' @88  null (0x00000000)
 - private 'nioBlocker' 'Lsun/nio/ch/Interruptible;' @92  null (0x00000000)
 - private 'cont' 'Ljdk/internal/vm/Continuation;' @96  null (0x00000000)
 - private volatile 'uncaughtExceptionHandler' 'Ljava/lang/Thread$UncaughtExceptionHandler;' @100  null (0x00000000)
 - private 'container' 'Ljdk/internal/vm/ThreadContainer;' @104  null (0x00000000)
 - private volatile 'headStackableScopes' 'Ljdk/internal/vm/StackableScope;' @108  null (0x00000000)
R10=0x00007ff928ad9fb0 jvm.dll
R11=0x000000000000000c is an unknown value
R12=0x00000097bccff230 is pointing into the stack for thread: 0x00000221c101c390
R13=0x00000221c6663480 points into unknown readable memory: 0x00007ff928a4a510 | 10 a5 a4 28 f9 7f 00 00
R14=0x00000221c101c758 points into unknown readable memory: 0x00007ff928a417b0 | b0 17 a4 28 f9 7f 00 00
R15=0x00000221c101c758 points into unknown readable memory: 0x00007ff928a417b0 | b0 17 a4 28 f9 7f 00 00

Top of Stack: (sp=0x00000097bccff0c0)
0x00000097bccff0c0:   00000097bccff230 00000221c64e4390   0........CN.!...
0x00000097bccff0d0:   0000000000000000 00000221c101cae0   ............!...
0x00000097bccff0e0:   0000000000000028 00007ff95e122b9b   (........+.^....
0x00000097bccff0f0:   0000000000000000 00000221c101c758   ........X...!...
0x00000097bccff100:   00000097bccff201 0000000000000000   ................
0x00000097bccff110:   00000221c8c48930 00007ff95e1217f4   0...!......^....
0x00000097bccff120:   0000000000000000 0000000000000028   ........(.......
0x00000097bccff130:   0000000000000000 0000000000000028   ........(.......
0x00000097bccff140:   00000010c66771d8 00000221c9c996d0   .qg.........!...
0x00000097bccff150:   00000221c8c48930 00000221c8c489d0   0...!.......!...
0x00000097bccff160:   00000221c8c489d8 0000000000008850   ....!...P.......
0x00000097bccff170:   0000000000000000 0000000000000000   ................
0x00000097bccff180:   0000000000000000 00007ff9282a57d4   .........W*(....
0x00000097bccff190:   00007ff95e264ca0 000000000000c114   .L&^............
0x00000097bccff1a0:   00007ff95e264ca0 00000000ffffffff   .L&^............
0x00000097bccff1b0:   0000000000000000 00007ff95e12206a   ........j .^....
0x00000097bccff1c0:   00000221c101c758 0000000000000000   X...!...........
0x00000097bccff1d0:   00000097bccff239 00000221c6663480   9........4f.!...
0x00000097bccff1e0:   0000000000000004 0000000000000048   ........H.......
0x00000097bccff1f0:   0000000800800310 0000000000000020   ........ .......
0x00000097bccff200:   00000221c101c758 00007ff95e264ca0   X...!....L&^....
0x00000097bccff210:   00000221c1029d70 00000221c67308a0   p...!.....s.!...
0x00000097bccff220:   0000000800800390 00000221c101c758   ........X...!...
0x00000097bccff230:   00000221c8e13510 00000221c8e13a10   .5..!....:..!...
0x00000097bccff240:   00000221c8e13a10 00007ff95e264ca0   .:..!....L&^....
0x00000097bccff250:   00000221c66771d8 00000097bccff3c8   .qg.!...........
0x00000097bccff260:   00000097bccff500 0000000000008840   ........@.......
0x00000097bccff270:   00000097bccff6e0 00007ff95e264cf0   .........L&^....
0x00000097bccff280:   0000000000989680 0000000000989680   ................
0x00000097bccff290:   00000097bccff3a0 00007ff95e11cc21   ........!..^....
0x00000097bccff2a0:   00007ff95e264ca0 00007ff95e264cf8   .L&^.....L&^....
0x00000097bccff2b0:   00007ff900000000 00007ff900000001   ................

Instructions: (pc=0x00007ff95e1226c4)
  0x00007ff95e1225c4:   cc cc cc cc cc cc cc cc cc cc cc cc cc cc cc cc
  0x00007ff95e1225d4:   cc cc cc cc cc cc cc cc cc cc cc cc cc cc cc cc
  0x00007ff95e1225e4:   cc cc cc cc cc cc cc cc cc cc cc cc cc cc cc cc
  0x00007ff95e1225f4:   cc cc cc cc cc cc cc cc cc cc cc cc cc cc cc cc
  0x00007ff95e122604:   cc cc cc cc cc cc cc cc cc cc cc cc cc cc cc cc
  0x00007ff95e122614:   cc cc cc cc cc cc cc cc cc cc cc cc cc cc cc cc
  0x00007ff95e122624:   cc cc cc cc cc cc cc cc cc cc cc cc cc cc cc cc
  0x00007ff95e122634:   cc cc cc cc cc cc cc cc cc cc cc cc cc cc cc cc
  0x00007ff95e122644:   cc cc cc cc cc cc cc cc cc cc cc cc 40 57 48 83
  0x00007ff95e122654:   ec 20 48 8b f9 48 8b 0d 10 28 14 00 48 85 c9 74
  0x00007ff95e122664:   20 48 8b 01 48 8d 54 24 38 41 b8 06 00 01 00 4c
  0x00007ff95e122674:   8b 48 30 41 ff d1 85 c0 75 07 48 8b 4c 24 38 eb
  0x00007ff95e122684:   02 33 c9 4c 8b 05 ea 28 14 00 48 89 5c 24 30 4d
  0x00007ff95e122694:   85 c0 74 4a 48 8b 01 48 8b d7 4c 8b 88 28 03 00
  0x00007ff95e1226a4:   00 41 ff d1 48 85 c0 74 35 48 63 0d f8 e6 13 00
  0x00007ff95e1226b4:   48 8b 14 01 48 85 d2 74 15 48 63 05 fc e6 13 00
=>0x00007ff95e1226c4:   8b 04 10 48 8b 5c 24 30 48 83 c4 20 5f c3 b8 ff
  0x00007ff95e1226d4:   ff ff ff 48 8b 5c 24 30 48 83 c4 20 5f c3 80 3d
  0x00007ff95e1226e4:   9b 27 14 00 00 bb ff ff ff ff 74 20 4c 8b 0d 31
  0x00007ff95e1226f4:   24 14 00 4c 8d 44 24 38 48 8b 0d 15 24 14 00 48
  0x00007ff95e122704:   8b d7 41 ff d1 85 c0 0f 44 5c 24 38 8b c3 48 8b
  0x00007ff95e122714:   5c 24 30 48 83 c4 20 5f c3 cc cc cc cc cc cc cc
  0x00007ff95e122724:   cc cc cc cc cc cc cc cc cc cc cc cc cc cc cc cc
  0x00007ff95e122734:   cc cc cc cc cc cc cc cc cc cc cc cc cc cc cc cc
  0x00007ff95e122744:   cc cc cc cc cc cc cc cc cc cc cc cc 48 89 54 24
  0x00007ff95e122754:   10 53 55 56 57 41 56 41 57 48 83 ec 28 48 8b f2
  0x00007ff95e122764:   4c 8b f1 48 89 4c 24 78 45 33 ff 44 89 7c 24 68
  0x00007ff95e122774:   c7 44 24 60 01 00 00 00 48 8d 4c 24 68 e8 ed 42
  0x00007ff95e122784:   f7 ff 8b d8 48 8d 4c 24 60 e8 e1 42 f7 ff 8b e8
  0x00007ff95e122794:   49 8b ce e8 00 fc f6 ff 48 8b f8 90 8b c3 f0 0f
  0x00007ff95e1227a4:   b1 2f 74 04 f3 90 eb f4 4c 89 3e 4c 89 7e 08 4c
  0x00007ff95e1227b4:   89 7e 10 49 8b 6e 08 4d 8b 76 10 49 3b ee 0f 84


Stack slot to memory mapping:

stack at sp + 0 slots: 0x00000097bccff230 is pointing into the stack for thread: 0x00000221c101c390
stack at sp + 1 slots: 0x00000221c64e4390 points into unknown readable memory: 0x00000006200e7e18 | 18 7e 0e 20 06 00 00 00
stack at sp + 2 slots: 0x0 is null
stack at sp + 3 slots: 0x00000221c101cae0 points into unknown readable memory: 0x6e616c2e6176616a | 6a 61 76 61 2e 6c 61 6e
stack at sp + 4 slots: 0x0000000000000028 is an unknown value
stack at sp + 5 slots: 0x00007ff95e122b9b libasyncProfiler.dll
stack at sp + 6 slots: 0x0 is null
stack at sp + 7 slots: 0x00000221c101c758 points into unknown readable memory: 0x00007ff928a417b0 | b0 17 a4 28 f9 7f 00 00

Lock stack of current Java thread (top to bottom):


---------------  P R O C E S S  ---------------

Threads class SMR info:
_java_thread_list=0x00000221c94f8d60, length=21, elements={
0x00000221d1bd7970, 0x00000221c1016430, 0x00000221c1016d70, 0x00000221c101af90,
0x00000221c101c390, 0x00000221c1020dc0, 0x00000221c10218f0, 0x00000221c1022f90,
0x00000221c1107450, 0x00000221c1112940, 0x00000221c1165b00, 0x00000221c14a5720,
0x00000221c14a5e60, 0x00000221c166d8d0, 0x00000221c1b2b650, 0x00000221c1b42c10,
0x00000221c1ba3030, 0x00000221c1ba6d00, 0x00000221c60cd560, 0x00000221c6582b00,
0x00000221c65839a0
}

Java Threads: ( => current thread )
  0x00000221d1bd7970 JavaThread "main"                              [_thread_in_Java, id=48376, stack(0x00000097bc100000,0x00000097bc200000) (1024K)]
  0x00000221c1016430 JavaThread "Reference Handler"          daemon [_thread_blocked, id=40944, stack(0x00000097bc900000,0x00000097bca00000) (1024K)]
  0x00000221c1016d70 JavaThread "Finalizer"                  daemon [_thread_blocked, id=36440, stack(0x00000097bca00000,0x00000097bcb00000) (1024K)]
  0x00000221c101af90 JavaThread "Signal Dispatcher"          daemon [_thread_blocked, id=24856, stack(0x00000097bcb00000,0x00000097bcc00000) (1024K)]
=>0x00000221c101c390 JavaThread "Attach Listener"            daemon [_thread_in_native, id=49528, stack(0x00000097bcc00000,0x00000097bcd00000) (1024K)]
  0x00000221c1020dc0 JavaThread "Service Thread"             daemon [_thread_blocked, id=23888, stack(0x00000097bcd00000,0x00000097bce00000) (1024K)]
  0x00000221c10218f0 JavaThread "Monitor Deflation Thread"   daemon [_thread_blocked, id=35636, stack(0x00000097bce00000,0x00000097bcf00000) (1024K)]
  0x00000221c1022f90 JavaThread "C1 CompilerThread0"         daemon [_thread_in_vm, id=23736, stack(0x00000097bcf00000,0x00000097bd000000) (1024K)]
  0x00000221c1107450 JavaThread "C1 CompilerThread1"         daemon [_thread_in_native, id=34856, stack(0x00000097bd000000,0x00000097bd100000) (1024K)]
  0x00000221c1112940 JavaThread "C1 CompilerThread2"         daemon [_thread_blocked, id=52320, stack(0x00000097bd100000,0x00000097bd200000) (1024K)]
  0x00000221c1165b00 JavaThread "Common-Cleaner"             daemon [_thread_blocked, id=46212, stack(0x00000097bd200000,0x00000097bd300000) (1024K)]
  0x00000221c14a5720 JavaThread "Monitor Ctrl-Break"         daemon [_thread_in_native, id=49724, stack(0x00000097bd300000,0x00000097bd400000) (1024K)]
  0x00000221c14a5e60 JavaThread "Notification Thread"        daemon [_thread_blocked, id=51452, stack(0x00000097bd400000,0x00000097bd500000) (1024K)]
  0x00000221c166d8d0 JavaThread "C1 CompilerThread3"         daemon [_thread_blocked, id=48824, stack(0x00000097bd500000,0x00000097bd600000) (1024K)]
  0x00000221c1b2b650 JavaThread "RMI TCP Accept-0"           daemon [_thread_in_native, id=24392, stack(0x00000097bd600000,0x00000097bd700000) (1024K)]
  0x00000221c1b42c10 JavaThread "RMI TCP Connection(1)-192.168.1.8" daemon [_thread_in_native, id=36120, stack(0x00000097bd700000,0x00000097bd800000) (1024K)]
  0x00000221c1ba3030 JavaThread "RMI Scheduler(0)"           daemon [_thread_blocked, id=14964, stack(0x00000097bd800000,0x00000097bd900000) (1024K)]
  0x00000221c1ba6d00 JavaThread "JMX server connection timeout 31" daemon [_thread_blocked, id=45632, stack(0x00000097bd900000,0x00000097bda00000) (1024K)]
  0x00000221c60cd560 JavaThread "RMI TCP Connection(2)-192.168.1.8" daemon [_thread_in_native, id=10644, stack(0x00000097bda00000,0x00000097bdb00000) (1024K)]
  0x00000221c6582b00 JavaThread "JFR Recorder Thread"        daemon [_thread_in_native, id=20976, stack(0x00000097be300000,0x00000097be400000) (1024K)]
  0x00000221c65839a0 JavaThread "JFR Periodic Tasks"         daemon [_thread_blocked, id=34896, stack(0x00000097be400000,0x00000097be500000) (1024K)]
Total: 21

Other Threads:
  0x00000221c1003940 VMThread "VM Thread"                           [id=23520, stack(0x00000097bc800000,0x00000097bc900000) (1024K)]
  0x00000221e77c4270 WatcherThread "VM Periodic Task Thread"        [id=37512, stack(0x00000097bc700000,0x00000097bc800000) (1024K)]
  0x00000221e760f890 WorkerThread "GC Thread#0"                     [id=25340, stack(0x00000097bc200000,0x00000097bc300000) (1024K)]
  0x00000221c6293810 WorkerThread "GC Thread#1"                     [id=51528, stack(0x00000097bdb00000,0x00000097bdc00000) (1024K)]
  0x00000221c62ba8f0 WorkerThread "GC Thread#2"                     [id=47508, stack(0x00000097bdc00000,0x00000097bdd00000) (1024K)]
  0x00000221c62baca0 WorkerThread "GC Thread#3"                     [id=8344, stack(0x00000097bdd00000,0x00000097bde00000) (1024K)]
  0x00000221c62bb860 WorkerThread "GC Thread#4"                     [id=49368, stack(0x00000097bde00000,0x00000097bdf00000) (1024K)]
  0x00000221c62bc1e0 WorkerThread "GC Thread#5"                     [id=43700, stack(0x00000097bdf00000,0x00000097be000000) (1024K)]
  0x00000221c62bd1a0 WorkerThread "GC Thread#6"                     [id=39308, stack(0x00000097be000000,0x00000097be100000) (1024K)]
  0x00000221c62cb8e0 WorkerThread "GC Thread#7"                     [id=10036, stack(0x00000097be100000,0x00000097be200000) (1024K)]
  0x00000221e76107b0 ConcurrentGCThread "G1 Main Marker"            [id=8016, stack(0x00000097bc300000,0x00000097bc400000) (1024K)]
  0x00000221d1c54070 WorkerThread "G1 Conc#0"                       [id=11700, stack(0x00000097bc400000,0x00000097bc500000) (1024K)]
  0x00000221c680f860 WorkerThread "G1 Conc#1"                       [id=24008, stack(0x00000097be500000,0x00000097be600000) (1024K)]
  0x00000221e7682370 ConcurrentGCThread "G1 Refine#0"               [id=51420, stack(0x00000097bc500000,0x00000097bc600000) (1024K)]
  0x00000221e7682e00 ConcurrentGCThread "G1 Service"                [id=32864, stack(0x00000097bc600000,0x00000097bc700000) (1024K)]
Total: 15

Threads with active compile tasks:
Total: 0

VM state: not at safepoint (normal execution)

VM Mutex/Monitor currently owned by a thread: None

Heap address: 0x0000000604000000, size: 8128 MB, Compressed Oops mode: Zero based, Oop shift amount: 3

CDS archive(s) mapped at: [0x0000022180000000-0x0000022180d40000-0x0000022180d40000), size 13893632, SharedBaseAddress: 0x0000022180000000, ArchiveRelocationMode: 1.
Compressed class space mapped at: 0x0000022181000000-0x00000221c1000000, reserved size: 1073741824
UseCompressedClassPointers 1, UseCompactObjectHeaders 0
Narrow klass pointer bits 32, Max shift 3
Narrow klass base: 0x0000022180000000, Narrow klass shift: 0
Encoding Range: [0x0000022180000000 - 0x0000022280000000), (4294967296 bytes)
Klass Range:    [0x0000022180000000 - 0x00000221c1000000), (1090519040 bytes)
Klass ID Range:  [8 - 1090519033) (1090519025)

GC Precious Log:
 CardTable entry size: 512
 Card Set container configuration: InlinePtr #cards 4 size 8 Array Of Cards #cards 32 size 80 Howl #buckets 8 coarsen threshold 7372 Howl Bitmap #cards 1024 size 144 coarsen threshold 921 Card regions per heap region 1 cards per card region 8192
 CPUs: 8 total, 8 available
 Memory: 32510M
 Large Page Support: Disabled
 NUMA Support: Disabled
 Compressed Oops: Enabled (Zero based)
 Heap Region Size: 4M
 Heap Min Capacity: 8M
 Heap Initial Capacity: 508M
 Heap Max Capacity: 8128M
 Pre-touch: Disabled
 Parallel Workers: 8
 Concurrent Workers: 2
 Concurrent Refinement Workers: 8
 Periodic GC: Disabled

Heap:
 garbage-first heap   total reserved 8323072K, committed 81920K, used 63815K [0x0000000604000000, 0x0000000800000000)
  region size 4096K, 17 young (69632K), 4 survivors (16384K)
 Metaspace       used 28179K, committed 28544K, reserved 1114112K
  class space    used 3118K, committed 3264K, reserved 1048576K

Heap Regions: E=young(eden), S=young(survivor), O=old, HS=humongous(starts), HC=humongous(continues), CS=collection set, F=free, TAMS=top-at-mark-start, PB=parsable bottom
|   0|0x0000000604000000, 0x0000000604101648, 0x0000000604400000| 25%| O|  |TAMS 0x0000000604000000| PB 0x0000000604000000| Untracked |  0
|   1|0x0000000604400000, 0x0000000604400000, 0x0000000604800000|  0%| F|  |TAMS 0x0000000604400000| PB 0x0000000604400000| Untracked |  0
|   2|0x0000000604800000, 0x0000000604c00000, 0x0000000604c00000|100%| E|  |TAMS 0x0000000604800000| PB 0x0000000604800000| Complete |  0
|   3|0x0000000604c00000, 0x0000000605000000, 0x0000000605000000|100%| E|CS|TAMS 0x0000000604c00000| PB 0x0000000604c00000| Complete |  0
|   4|0x0000000605000000, 0x0000000605400000, 0x0000000605400000|100%| E|CS|TAMS 0x0000000605000000| PB 0x0000000605000000| Complete |  0
|   5|0x0000000605400000, 0x0000000605800000, 0x0000000605800000|100%| E|CS|TAMS 0x0000000605400000| PB 0x0000000605400000| Complete |  0
|   6|0x0000000605800000, 0x0000000605c00000, 0x0000000605c00000|100%| E|CS|TAMS 0x0000000605800000| PB 0x0000000605800000| Complete |  0
|   7|0x0000000605c00000, 0x0000000606000000, 0x0000000606000000|100%| E|CS|TAMS 0x0000000605c00000| PB 0x0000000605c00000| Complete |  0
|   8|0x0000000606000000, 0x0000000606400000, 0x0000000606400000|100%| E|CS|TAMS 0x0000000606000000| PB 0x0000000606000000| Complete |  0
|   9|0x0000000606400000, 0x0000000606800000, 0x0000000606800000|100%| E|CS|TAMS 0x0000000606400000| PB 0x0000000606400000| Complete |  0
|  10|0x0000000606800000, 0x0000000606c00000, 0x0000000606c00000|100%| E|CS|TAMS 0x0000000606800000| PB 0x0000000606800000| Complete |  0
|  11|0x0000000606c00000, 0x0000000607000000, 0x0000000607000000|100%| E|CS|TAMS 0x0000000606c00000| PB 0x0000000606c00000| Complete |  0
|  12|0x0000000607000000, 0x0000000607400000, 0x0000000607400000|100%| E|CS|TAMS 0x0000000607000000| PB 0x0000000607000000| Complete |  0
|  13|0x0000000607400000, 0x0000000607800000, 0x0000000607800000|100%| E|CS|TAMS 0x0000000607400000| PB 0x0000000607400000| Complete |  0
| 109|0x000000061f400000, 0x000000061f4344a0, 0x000000061f800000|  5%| S|CS|TAMS 0x000000061f400000| PB 0x000000061f400000| Complete |  0
| 110|0x000000061f800000, 0x000000061fc00000, 0x000000061fc00000|100%| S|CS|TAMS 0x000000061f800000| PB 0x000000061f800000| Complete |  0
| 111|0x000000061fc00000, 0x0000000620000000, 0x0000000620000000|100%| S|CS|TAMS 0x000000061fc00000| PB 0x000000061fc00000| Complete |  0
| 112|0x0000000620000000, 0x0000000620400000, 0x0000000620400000|100%| S|CS|TAMS 0x0000000620000000| PB 0x0000000620000000| Complete |  0
| 126|0x0000000623800000, 0x0000000623c00000, 0x0000000623c00000|100%| E|CS|TAMS 0x0000000623800000| PB 0x0000000623800000| Complete |  0
|2031|0x00000007ffc00000, 0x00000007ffd1c288, 0x0000000800000000| 27%| O|Cm|TAMS 0x00000007ffc00000| PB 0x00000007ffc00000| Complete |  0

Card table byte_map: [0x00000221de660000,0x00000221df640000] _byte_map_base: 0x00000221db640000

Marking Bits: (CMBitMap*) 0x00000221e760feb0
 Bits: [0x00000221df640000, 0x00000221e7540000)

Polling page: 0x00000221d1150000

Metaspace:

Usage:
  Non-class:     24.49 MB used.
      Class:      3.05 MB used.
       Both:     27.54 MB used.

Virtual space:
  Non-class space:       64.00 MB reserved,      24.75 MB ( 39%) committed,  1 nodes.
      Class space:        1.00 GB reserved,       3.19 MB ( <1%) committed,  1 nodes.
             Both:        1.06 GB reserved,      27.94 MB (  3%) committed. 

Chunk freelists:
   Non-Class:  7.23 MB
       Class:  12.64 MB
        Both:  19.88 MB

MaxMetaspaceSize: unlimited
CompressedClassSpaceSize: 1.00 GB
Initial GC threshold: 21.00 MB
Current GC threshold: 35.25 MB
CDS: on
 - commit_granule_bytes: 65536.
 - commit_granule_words: 8192.
 - virtual_space_node_default_size: 8388608.
 - enlarge_chunks_in_place: 1.
UseCompressedClassPointers 1, UseCompactObjectHeaders 0
Narrow klass pointer bits 32, Max shift 3
Narrow klass base: 0x0000022180000000, Narrow klass shift: 0
Encoding Range: [0x0000022180000000 - 0x0000022280000000), (4294967296 bytes)
Klass Range:    [0x0000022180000000 - 0x00000221c1000000), (1090519040 bytes)
Klass ID Range:  [8 - 1090519033) (1090519025)


Internal statistics:

num_allocs_failed_limit: 5.
num_arena_births: 354.
num_arena_deaths: 0.
num_vsnodes_births: 2.
num_vsnodes_deaths: 0.
num_space_committed: 447.
num_space_uncommitted: 0.
num_chunks_returned_to_freelist: 5.
num_chunks_taken_from_freelist: 1166.
num_chunk_merges: 5.
num_chunk_splits: 825.
num_chunks_enlarged: 639.
num_inconsistent_stats: 0.

CodeCache: size=49152Kb used=7807Kb max_used=7807Kb free=41344Kb
 bounds [0x00000221da460000, 0x00000221dac00000, 0x00000221dd460000]
 total_blobs=4571, nmethods=4004, adapters=490, full_count=0
Compilation: enabled, stopped_count=0, restarted_count=0

Compilation events (20 events):
Event: 1.999 Thread 0x00000221c1107450 nmethod 3322 0x00000221dab21508 code [0x00000221dab21640, 0x00000221dab21810]
Event: 1.999 Thread 0x00000221c1022f90 nmethod 3323 0x00000221dab21888 code [0x00000221dab219a0, 0x00000221dab21c40]
Event: 2.006 Thread 0x00000221c1022f90 3324       1       java.lang.NamedPackage::<init> (59 bytes)
Event: 2.007 Thread 0x00000221c1022f90 nmethod 3324 0x00000221dab21c88 code [0x00000221dab21e20, 0x00000221dab222d8]
Event: 2.011 Thread 0x00000221c166d8d0 3325       1       java.lang.Module::getClassLoader (5 bytes)
Event: 2.011 Thread 0x00000221c166d8d0 nmethod 3325 0x00000221dab22388 code [0x00000221dab22480, 0x00000221dab22548]
Event: 2.011 Thread 0x00000221c1112940 3326       1       jdk.internal.classfile.impl.EntryMap::nextToken (37 bytes)
Event: 2.011 Thread 0x00000221c1112940 nmethod 3326 0x00000221dab22688 code [0x00000221dab227a0, 0x00000221dab228f0]
Event: 2.012 Thread 0x00000221c1107450 3327       1       jdk.internal.classfile.impl.DirectCodeBuilder::areturn (12 bytes)
Event: 2.012 Thread 0x00000221c1107450 nmethod 3327 0x00000221dab22988 code [0x00000221dab22aa0, 0x00000221dab22c08]
Event: 2.028 Thread 0x00000221c166d8d0 3328       1       java.lang.ClassLoader::definePackage (53 bytes)
Event: 2.028 Thread 0x00000221c1022f90 3329       1       java.lang.Package::<init> (47 bytes)
Event: 2.028 Thread 0x00000221c1107450 3330       1       java.lang.Package$VersionInfo::getInstance (53 bytes)
Event: 2.029 Thread 0x00000221c1107450 nmethod 3330 0x00000221dab22c88 code [0x00000221dab22da0, 0x00000221dab22fb0]
Event: 2.029 Thread 0x00000221c166d8d0 nmethod 3328 0x00000221dab23008 code [0x00000221dab23160, 0x00000221dab234e0]
Event: 2.029 Thread 0x00000221c1022f90 nmethod 3329 0x00000221dab23508 code [0x00000221dab23640, 0x00000221dab238e0]
Event: 2.029 Thread 0x00000221c1107450 3331       1       jdk.internal.loader.BuiltinClassLoader::definePackage (277 bytes)
Event: 2.031 Thread 0x00000221c1107450 nmethod 3331 0x00000221dab23988 code [0x00000221dab23ce0, 0x00000221dab24e60]
Event: 2.036 Thread 0x00000221c1022f90 3332   !   1       jdk.internal.loader.AbstractClassLoaderValue::get (21 bytes)
Event: 2.037 Thread 0x00000221c1022f90 nmethod 3332 0x00000221dab25488 code [0x00000221dab255e0, 0x00000221dab25830]

GC Heap History (4 events):
Event: 1.322 GC heap before
{Heap before GC invocations=0 (full 0):
 garbage-first heap   total reserved 8323072K, committed 524288K, used 46192K [0x0000000604000000, 0x0000000800000000)
  region size 4096K, 12 young (49152K), 0 survivors (0K)
 Metaspace       used 11590K, committed 11840K, reserved 1114112K
  class space    used 1174K, committed 1280K, reserved 1048576K
}
Event: 1.329 GC heap after
{Heap after GC invocations=1 (full 0):
 garbage-first heap   total reserved 8323072K, committed 524288K, used 10358K [0x0000000604000000, 0x0000000800000000)
  region size 4096K, 2 young (8192K), 2 survivors (8192K)
 Metaspace       used 11590K, committed 11840K, reserved 1114112K
  class space    used 1174K, committed 1280K, reserved 1048576K
}
Event: 1.951 GC heap before
{Heap before GC invocations=1 (full 0):
 garbage-first heap   total reserved 8323072K, committed 524288K, used 55414K [0x0000000604000000, 0x0000000800000000)
  region size 4096K, 14 young (57344K), 2 survivors (8192K)
 Metaspace       used 21224K, committed 21504K, reserved 1114112K
  class space    used 2342K, committed 2432K, reserved 1048576K
}
Event: 1.958 GC heap after
{Heap after GC invocations=2 (full 0):
 garbage-first heap   total reserved 8323072K, committed 524288K, used 14663K [0x0000000604000000, 0x0000000800000000)
  region size 4096K, 4 young (16384K), 4 survivors (16384K)
 Metaspace       used 21224K, committed 21504K, reserved 1114112K
  class space    used 2342K, committed 2432K, reserved 1048576K
}

Dll operation events (11 events):
Event: 0.031 Loaded shared library C:\Users\patrick.alves\.jdks\openjdk-24.0.1\bin\java.dll
Event: 0.306 Loaded shared library C:\Users\patrick.alves\.jdks\openjdk-24.0.1\bin\zip.dll
Event: 0.317 Loaded shared library C:\Users\patrick.alves\.jdks\openjdk-24.0.1\bin\instrument.dll
Event: 0.326 Loaded shared library C:\Users\patrick.alves\.jdks\openjdk-24.0.1\bin\net.dll
Event: 0.332 Loaded shared library C:\Users\patrick.alves\.jdks\openjdk-24.0.1\bin\nio.dll
Event: 0.338 Loaded shared library C:\Users\patrick.alves\.jdks\openjdk-24.0.1\bin\zip.dll
Event: 0.450 Loaded shared library C:\Users\patrick.alves\.jdks\openjdk-24.0.1\bin\jimage.dll
Event: 0.466 Loaded shared library C:\Users\patrick.alves\.jdks\openjdk-24.0.1\bin\extnet.dll
Event: 0.503 Loaded shared library C:\Users\patrick.alves\.jdks\openjdk-24.0.1\bin\management.dll
Event: 0.520 Loaded shared library C:\Users\patrick.alves\.jdks\openjdk-24.0.1\bin\management_ext.dll
Event: 1.777 Loaded shared library C:\Users\patrick.alves\AppData\Local\Temp\idea_libasyncProfiler_dll_temp_folder1\libasyncProfiler.dll

Deoptimization events (0 events):
No events

Classes loaded (20 events):
Event: 1.942 Loading class jdk/jfr/internal/util/TimespanUnit
Event: 1.942 Loading class jdk/jfr/internal/util/TimespanUnit done
Event: 1.942 Loading class jdk/jfr/internal/util/ValueParser
Event: 1.942 Loading class jdk/jfr/internal/util/ValueParser done
Event: 1.943 Loading class jdk/jfr/internal/periodic/PeriodicType
Event: 1.943 Loading class jdk/jfr/internal/periodic/PeriodicType done
Event: 1.971 Loading class sun/reflect/generics/tree/BooleanSignature
Event: 1.971 Loading class sun/reflect/generics/tree/BooleanSignature done
Event: 1.972 Loading class sun/reflect/generics/tree/DoubleSignature
Event: 1.972 Loading class sun/reflect/generics/tree/DoubleSignature done
Event: 1.972 Loading class sun/reflect/generics/tree/FloatSignature
Event: 1.972 Loading class sun/reflect/generics/tree/FloatSignature done
Event: 1.972 Loading class sun/reflect/generics/tree/IntSignature
Event: 1.972 Loading class sun/reflect/generics/tree/IntSignature done
Event: 1.973 Loading class sun/reflect/generics/tree/ShortSignature
Event: 1.973 Loading class sun/reflect/generics/tree/ShortSignature done
Event: 2.035 Loading class java/util/concurrent/ExecutionException
Event: 2.035 Loading class java/util/concurrent/ExecutionException done
Event: 2.038 Loading class java/beans/IntrospectionException
Event: 2.038 Loading class java/beans/IntrospectionException done

Classes unloaded (0 events):
No events

Classes redefined (0 events):
No events

Internal exceptions (20 events):
Event: 1.561 Thread 0x00000221d1bd7970 Exception <a 'java/lang/NoSuchMethodError'{0x0000000622d96778}: 'java.lang.Object java.lang.invoke.Invokers$Holder.linkToTargetMethod(java.lang.Object, java.lang.Object, int, java.lang.Object, java.lang.Object)'> (0x0000000622d96778) 
thrown [s\open\src\hotspot\share\interpreter\linkResolver.cpp, line 805]
Event: 1.562 Thread 0x00000221d1bd7970 Exception <a 'java/lang/NoSuchMethodError'{0x0000000622db12c0}: 'java.lang.Object java.lang.invoke.DirectMethodHandle$Holder.newInvokeSpecial(java.lang.Object, int, java.lang.Object)'> (0x0000000622db12c0) 
thrown [s\open\src\hotspot\share\interpreter\linkResolver.cpp, line 805]
Event: 1.562 Thread 0x00000221d1bd7970 Exception <a 'java/lang/NoSuchMethodError'{0x0000000622db9b48}: 'int java.lang.invoke.DirectMethodHandle$Holder.invokeSpecialIFC(java.lang.Object, java.lang.Object, java.lang.Object, java.lang.Object)'> (0x0000000622db9b48) 
thrown [s\open\src\hotspot\share\interpreter\linkResolver.cpp, line 805]
Event: 1.580 Thread 0x00000221d1bd7970 Exception <a 'java/lang/NoSuchMethodError'{0x0000000622feaba8}: 'void java.lang.invoke.DirectMethodHandle$Holder.invokeInterface(java.lang.Object, java.lang.Object, java.lang.Object)'> (0x0000000622feaba8) 
thrown [s\open\src\hotspot\share\interpreter\linkResolver.cpp, line 805]
Event: 1.596 Thread 0x00000221d1bd7970 Exception <a 'java/lang/NoSuchMethodError'{0x00000006228755e8}: 'java.lang.Object java.lang.invoke.DirectMethodHandle$Holder.invokeVirtual(java.lang.Object, java.lang.Object, java.lang.Object)'> (0x00000006228755e8) 
thrown [s\open\src\hotspot\share\interpreter\linkResolver.cpp, line 805]
Event: 1.616 Thread 0x00000221d1bd7970 Exception <a 'java/lang/NoSuchMethodError'{0x000000062295b370}: 'void java.lang.invoke.DirectMethodHandle$Holder.invokeStatic(java.lang.Object, java.lang.Object, int)'> (0x000000062295b370) 
thrown [s\open\src\hotspot\share\interpreter\linkResolver.cpp, line 805]
Event: 1.619 Thread 0x00000221d1bd7970 Exception <a 'java/lang/NoSuchMethodError'{0x00000006229819c0}: 'void java.lang.invoke.DirectMethodHandle$Holder.invokeStaticInit(java.lang.Object, java.lang.Object, java.lang.Object)'> (0x00000006229819c0) 
thrown [s\open\src\hotspot\share\interpreter\linkResolver.cpp, line 805]
Event: 1.728 Thread 0x00000221d1bd7970 Exception <a 'java/lang/NoSuchMethodError'{0x000000062243da98}: 'void java.lang.invoke.Invokers$Holder.invokeExact_MT(java.lang.Object, java.lang.Object, java.lang.Object, java.lang.Object)'> (0x000000062243da98) 
thrown [s\open\src\hotspot\share\interpreter\linkResolver.cpp, line 805]
Event: 1.757 Thread 0x00000221d1bd7970 Exception <a 'java/lang/NoSuchMethodError'{0x0000000622549f98}: 'void java.lang.invoke.DelegatingMethodHandle$Holder.reinvoke_L(java.lang.Object, java.lang.Object, int)'> (0x0000000622549f98) 
thrown [s\open\src\hotspot\share\interpreter\linkResolver.cpp, line 805]
Event: 1.757 Thread 0x00000221d1bd7970 Exception <a 'java/lang/NoSuchMethodError'{0x000000062255a2f8}: 'int java.lang.invoke.Invokers$Holder.invokeExact_MT(java.lang.Object, java.lang.Object, java.lang.Object)'> (0x000000062255a2f8) 
thrown [s\open\src\hotspot\share\interpreter\linkResolver.cpp, line 805]
Event: 1.810 Thread 0x00000221d1bd7970 Exception <a 'java/lang/IncompatibleClassChangeError'{0x000000062218ca50}: Found class java.lang.Object, but interface was expected> (0x000000062218ca50) 
thrown [s\open\src\hotspot\share\interpreter\linkResolver.cpp, line 872]
Event: 1.819 Thread 0x00000221c101c390 Exception <a 'java/lang/NoSuchMethodError'{0x000000062203d080}: 'void java.lang.invoke.DirectMethodHandle$Holder.invokeStaticInit(java.lang.Object)'> (0x000000062203d080) 
thrown [s\open\src\hotspot\share\interpreter\linkResolver.cpp, line 805]
Event: 1.848 Thread 0x00000221c101c390 Exception <a 'java/lang/NoSuchMethodError'{0x0000000621e71378}: 'long java.lang.invoke.DirectMethodHandle$Holder.invokeVirtual(java.lang.Object, java.lang.Object)'> (0x0000000621e71378) 
thrown [s\open\src\hotspot\share\interpreter\linkResolver.cpp, line 805]
Event: 1.895 Thread 0x00000221d1bd7970 Exception <a 'java/lang/NoSuchMethodError'{0x0000000621b1f4c0}: 'void java.lang.invoke.DirectMethodHandle$Holder.invokeStaticInit(java.lang.Object, java.lang.Object, java.lang.Object, java.lang.Object)'> (0x0000000621b1f4c0) 
thrown [s\open\src\hotspot\share\interpreter\linkResolver.cpp, line 805]
Event: 1.904 Thread 0x00000221c101c390 Exception <a 'java/lang/NoSuchMethodError'{0x00000006215bccc8}: 'void java.lang.invoke.DirectMethodHandle$Holder.invokeSpecial(java.lang.Object, java.lang.Object, int)'> (0x00000006215bccc8) 
thrown [s\open\src\hotspot\share\interpreter\linkResolver.cpp, line 805]
Event: 1.904 Thread 0x00000221c101c390 Exception <a 'java/lang/NoSuchMethodError'{0x00000006215c48e8}: 'void java.lang.invoke.Invokers$Holder.invokeExact_MT(java.lang.Object, int, java.lang.Object)'> (0x00000006215c48e8) 
thrown [s\open\src\hotspot\share\interpreter\linkResolver.cpp, line 805]
Event: 1.906 Thread 0x00000221c101c390 Exception <a 'java/lang/NoSuchMethodError'{0x00000006215e5d58}: 'java.lang.Object java.lang.invoke.DirectMethodHandle$Holder.newInvokeSpecial(java.lang.Object, java.lang.Object, int)'> (0x00000006215e5d58) 
thrown [s\open\src\hotspot\share\interpreter\linkResolver.cpp, line 805]
Event: 1.909 Thread 0x00000221c101c390 Exception <a 'sun/nio/fs/WindowsException'{0x00000006216b5130}> (0x00000006216b5130) 
thrown [s\open\src\hotspot\share\prims\jni.cpp, line 518]
Event: 1.913 Thread 0x00000221c101c390 Exception <a 'sun/nio/fs/WindowsException'{0x00000006216c2140}> (0x00000006216c2140) 
thrown [s\open\src\hotspot\share\prims\jni.cpp, line 518]
Event: 1.918 Thread 0x00000221c101c390 Exception <a 'sun/nio/fs/WindowsException'{0x00000006216d4450}> (0x00000006216d4450) 
thrown [s\open\src\hotspot\share\prims\jni.cpp, line 518]

VM Operations (20 events):
Event: 1.616 Executing VM operation: HandshakeAllThreads (Deoptimize)
Event: 1.616 Executing VM operation: HandshakeAllThreads (Deoptimize) done
Event: 1.850 Executing VM operation: HandshakeAllThreads (Deoptimize)
Event: 1.850 Executing VM operation: HandshakeAllThreads (Deoptimize) done
Event: 1.907 Executing VM operation: HandshakeAllThreads (Deoptimize)
Event: 1.908 Executing VM operation: HandshakeAllThreads (Deoptimize) done
Event: 1.938 Executing VM operation: JFRSafepointClear
Event: 1.938 Executing VM operation: JFRSafepointClear done
Event: 1.945 Executing VM operation: HandshakeAllThreads (Deoptimize)
Event: 1.950 Executing VM operation: HandshakeAllThreads (Deoptimize) done
Event: 1.951 Executing VM operation: CollectForMetadataAllocation (Metadata GC Threshold)
Event: 1.959 Executing VM operation: CollectForMetadataAllocation (Metadata GC Threshold) done
Event: 1.959 Executing VM operation: CollectForMetadataAllocation (Metadata GC Threshold)
Event: 1.959 Executing VM operation: CollectForMetadataAllocation (Metadata GC Threshold) done
Event: 1.966 Executing VM operation: G1PauseRemark
Event: 1.968 Executing VM operation: G1PauseRemark done
Event: 1.969 Executing VM operation: G1PauseCleanup
Event: 1.969 Executing VM operation: G1PauseCleanup done
Event: 2.002 Executing VM operation: HandshakeAllThreads (Deoptimize)
Event: 2.002 Executing VM operation: HandshakeAllThreads (Deoptimize) done

Memory protections (0 events):
No events

Nmethod flushes (0 events):
No events

Events (20 events):
Event: 0.086 Thread 0x00000221d1bd7970 Thread added: 0x00000221c10218f0
Event: 0.086 Thread 0x00000221d1bd7970 Thread added: 0x00000221c1022f90
Event: 0.287 Thread 0x00000221c1022f90 Thread added: 0x00000221c1107450
Event: 0.288 Thread 0x00000221c1107450 Thread added: 0x00000221c1112940
Event: 0.321 Thread 0x00000221d1bd7970 Thread added: 0x00000221c1165b00
Event: 0.444 Thread 0x00000221d1bd7970 Thread added: 0x00000221c14a5720
Event: 0.444 Thread 0x00000221d1bd7970 Thread added: 0x00000221c14a5e60
Event: 0.486 Thread 0x00000221c1107450 Thread added: 0x00000221c166d8d0
Event: 0.810 Thread 0x00000221d1bd7970 Thread added: 0x00000221c1b2b650
Event: 0.834 Thread 0x00000221c1b2b650 Thread added: 0x00000221c1b42c10
Event: 0.854 Thread 0x00000221c1b42c10 Thread added: 0x00000221c1ba3030
Event: 0.859 Thread 0x00000221c1b42c10 Thread added: 0x00000221c1ba6d00
Event: 1.048 Thread 0x00000221c1b2b650 Thread added: 0x00000221c60cd560
Event: 1.049 Thread 0x00000221c60cd560 Thread added: 0x00000221c613f640
Event: 1.061 Thread 0x00000221c613f640 Thread exited: 0x00000221c613f640
Event: 1.564 Thread 0x00000221c60cd560 Thread added: 0x00000221c6583250
Event: 1.570 Thread 0x00000221c6583250 Thread exited: 0x00000221c6583250
Event: 1.798 Thread 0x00000221d1bd7970 Thread added: 0x00000221c6583250
Event: 1.816 Thread 0x00000221c101c390 Thread added: 0x00000221c6582b00
Event: 1.906 Thread 0x00000221c101c390 Thread added: 0x00000221c65839a0


Dynamic libraries:
0x00007ff656590000 - 0x00007ff65659e000 	C:\Users\patrick.alves\.jdks\openjdk-24.0.1\bin\java.exe
0x00007ff9a5c80000 - 0x00007ff9a5ee0000 	C:\WINDOWS\SYSTEM32\ntdll.dll
0x00007ff9a4b70000 - 0x00007ff9a4c37000 	C:\WINDOWS\System32\KERNEL32.DLL
0x00007ff9a36b0000 - 0x00007ff9a3a7a000 	C:\WINDOWS\System32\KERNELBASE.dll
0x00007ff9a3260000 - 0x00007ff9a33ab000 	C:\WINDOWS\System32\ucrtbase.dll
0x00007ff99c110000 - 0x00007ff99c126000 	C:\Users\patrick.alves\.jdks\openjdk-24.0.1\bin\jli.dll
0x00007ff9796a0000 - 0x00007ff9796bb000 	C:\Users\patrick.alves\.jdks\openjdk-24.0.1\bin\VCRUNTIME140.dll
0x00007ff9a4c40000 - 0x00007ff9a4e0c000 	C:\WINDOWS\System32\USER32.dll
0x00007ff9a35c0000 - 0x00007ff9a35e7000 	C:\WINDOWS\System32\win32u.dll
0x00007ff98b100000 - 0x00007ff98b397000 	C:\WINDOWS\WinSxS\amd64_microsoft.windows.common-controls_6595b64144ccf1df_6.0.26100.3624_none_3e086962e3345f24\COMCTL32.dll
0x00007ff9a3b80000 - 0x00007ff9a3baa000 	C:\WINDOWS\System32\GDI32.dll
0x00007ff9a4770000 - 0x00007ff9a4819000 	C:\WINDOWS\System32\msvcrt.dll
0x00007ff9a3120000 - 0x00007ff9a3251000 	C:\WINDOWS\System32\gdi32full.dll
0x00007ff9a2e60000 - 0x00007ff9a2f03000 	C:\WINDOWS\System32\msvcp_win.dll
0x00007ff9a53a0000 - 0x00007ff9a53cf000 	C:\WINDOWS\System32\IMM32.DLL
0x00000221d10e0000 - 0x00000221d10f6000 	C:\WINDOWS\System32\umppc19508.dll
0x00000221d1120000 - 0x00000221d1133000 	C:\WINDOWS\System32\CsXumd64_19508.dll
0x00007ff9807b0000 - 0x00007ff9807bc000 	C:\Users\patrick.alves\.jdks\openjdk-24.0.1\bin\vcruntime140_1.dll
0x00007ff975c90000 - 0x00007ff975d1e000 	C:\Users\patrick.alves\.jdks\openjdk-24.0.1\bin\msvcp140.dll
0x00007ff927e10000 - 0x00007ff928bb2000 	C:\Users\patrick.alves\.jdks\openjdk-24.0.1\bin\server\jvm.dll
0x00007ff9a4aa0000 - 0x00007ff9a4b52000 	C:\WINDOWS\System32\ADVAPI32.dll
0x00007ff9a5550000 - 0x00007ff9a55f6000 	C:\WINDOWS\System32\sechost.dll
0x00007ff9a5b20000 - 0x00007ff9a5c36000 	C:\WINDOWS\System32\RPCRT4.dll
0x00007ff9a4a20000 - 0x00007ff9a4a94000 	C:\WINDOWS\System32\WS2_32.dll
0x00007ff9a2cb0000 - 0x00007ff9a2d0e000 	C:\WINDOWS\SYSTEM32\POWRPROF.dll
0x00007ff994dc0000 - 0x00007ff994df6000 	C:\WINDOWS\SYSTEM32\WINMM.dll
0x00007ff9988f0000 - 0x00007ff9988fb000 	C:\WINDOWS\SYSTEM32\VERSION.dll
0x00007ff9a2c80000 - 0x00007ff9a2c94000 	C:\WINDOWS\SYSTEM32\UMPDC.dll
0x00007ff9a1c30000 - 0x00007ff9a1c4a000 	C:\WINDOWS\SYSTEM32\kernel.appcore.dll
0x00007ff97b540000 - 0x00007ff97b54a000 	C:\Users\patrick.alves\.jdks\openjdk-24.0.1\bin\jimage.dll
0x00007ff9a0500000 - 0x00007ff9a0741000 	C:\WINDOWS\SYSTEM32\DBGHELP.DLL
0x00007ff9a5010000 - 0x00007ff9a5392000 	C:\WINDOWS\System32\combase.dll
0x00007ff9a4870000 - 0x00007ff9a4946000 	C:\WINDOWS\System32\OLEAUT32.dll
0x00007ff994d80000 - 0x00007ff994db9000 	C:\WINDOWS\SYSTEM32\dbgcore.DLL
0x00007ff9a33b0000 - 0x00007ff9a3449000 	C:\WINDOWS\System32\bcryptPrimitives.dll
0x00007ff997a00000 - 0x00007ff997a0f000 	C:\Users\patrick.alves\.jdks\openjdk-24.0.1\bin\instrument.dll
0x00007ff979680000 - 0x00007ff97969e000 	C:\Users\patrick.alves\.jdks\openjdk-24.0.1\bin\java.dll
0x00007ff9a5600000 - 0x00007ff9a5796000 	C:\WINDOWS\System32\ole32.dll
0x00007ff9a4040000 - 0x00007ff9a4769000 	C:\WINDOWS\System32\SHELL32.dll
0x00007ff9a3450000 - 0x00007ff9a35b8000 	C:\WINDOWS\System32\wintypes.dll
0x00007ff9a0850000 - 0x00007ff9a10a2000 	C:\WINDOWS\SYSTEM32\windows.storage.dll
0x00007ff9a3a90000 - 0x00007ff9a3b7d000 	C:\WINDOWS\System32\SHCORE.dll
0x00007ff9a4950000 - 0x00007ff9a49b4000 	C:\WINDOWS\System32\shlwapi.dll
0x00007ff9a2d70000 - 0x00007ff9a2d9f000 	C:\WINDOWS\SYSTEM32\profapi.dll
0x00007ff975c70000 - 0x00007ff975c87000 	C:\Users\patrick.alves\.jdks\openjdk-24.0.1\bin\zip.dll
0x00007ff97a420000 - 0x00007ff97a430000 	C:\Users\patrick.alves\.jdks\openjdk-24.0.1\bin\net.dll
0x00007ff9a2130000 - 0x00007ff9a219a000 	C:\WINDOWS\system32\mswsock.dll
0x00007ff979660000 - 0x00007ff979676000 	C:\Users\patrick.alves\.jdks\openjdk-24.0.1\bin\nio.dll
0x00007ff9a1400000 - 0x00007ff9a1525000 	C:\WINDOWS\SYSTEM32\DNSAPI.dll
0x00007ff9a13c0000 - 0x00007ff9a13f3000 	C:\WINDOWS\SYSTEM32\IPHLPAPI.DLL
0x00007ff9a57d0000 - 0x00007ff9a57da000 	C:\WINDOWS\System32\NSI.dll
0x00007ff9796f0000 - 0x00007ff9796f9000 	C:\Users\patrick.alves\.jdks\openjdk-24.0.1\bin\extnet.dll
0x00007ff998900000 - 0x00007ff99890b000 	C:\Windows\System32\rasadhlp.dll
0x00007ff99a650000 - 0x00007ff99a6d5000 	C:\WINDOWS\System32\fwpuclnt.dll
0x00007ff9793f0000 - 0x00007ff9793fa000 	C:\Users\patrick.alves\.jdks\openjdk-24.0.1\bin\management.dll
0x00007ff9786f0000 - 0x00007ff9786fb000 	C:\Users\patrick.alves\.jdks\openjdk-24.0.1\bin\management_ext.dll
0x00007ff9a4b60000 - 0x00007ff9a4b68000 	C:\WINDOWS\System32\PSAPI.DLL
0x00007ff9a24e0000 - 0x00007ff9a24fc000 	C:\WINDOWS\SYSTEM32\CRYPTSP.dll
0x00007ff9a1b90000 - 0x00007ff9a1bca000 	C:\WINDOWS\system32\rsaenh.dll
0x00007ff9a21d0000 - 0x00007ff9a21fb000 	C:\WINDOWS\SYSTEM32\USERENV.dll
0x00007ff9a2d40000 - 0x00007ff9a2d66000 	C:\WINDOWS\SYSTEM32\bcrypt.dll
0x00007ff9a2360000 - 0x00007ff9a236c000 	C:\WINDOWS\SYSTEM32\CRYPTBASE.dll
0x00007ff9775f0000 - 0x00007ff977608000 	C:\WINDOWS\system32\napinsp.dll
0x00007ff977650000 - 0x00007ff977662000 	C:\WINDOWS\System32\winrnr.dll
0x00007ff977610000 - 0x00007ff977640000 	C:\WINDOWS\system32\nlansp_c.dll
0x00007ff998250000 - 0x00007ff998266000 	C:\WINDOWS\system32\wshbth.dll
0x00007ff98baf0000 - 0x00007ff98bb3e000 	C:\WINDOWS\SYSTEM32\pdh.dll
0x00007ff95e090000 - 0x00007ff95e288000 	C:\Users\patrick.alves\AppData\Local\Temp\idea_libasyncProfiler_dll_temp_folder1\libasyncProfiler.dll
0x00007ff98cb60000 - 0x00007ff98cb72000 	C:\WINDOWS\System32\perfproc.dll
0x00007ff978610000 - 0x00007ff97861e000 	C:\Users\patrick.alves\.jdks\openjdk-24.0.1\bin\sunmscapi.dll
0x00007ff9a2fa0000 - 0x00007ff9a3117000 	C:\WINDOWS\System32\CRYPT32.dll
0x00007ff9a2630000 - 0x00007ff9a2660000 	C:\WINDOWS\SYSTEM32\ncrypt.dll
0x00007ff9a25e0000 - 0x00007ff9a261f000 	C:\WINDOWS\SYSTEM32\NTASN1.dll
0x00007ff99cbe0000 - 0x00007ff99cbf1000 	C:\WINDOWS\System32\perfos.dll
0x00007ff9a10d0000 - 0x00007ff9a10e2000 	C:\WINDOWS\SYSTEM32\pfclient.dll

JVMTI agents:
C:\Users\patrick.alves\AppData\Local\Programs\IntelliJ IDEA Ultimate\lib\idea_rt.jar path:C:\Users\patrick.alves\.jdks\openjdk-24.0.1\bin\instrument.dll, loaded, initialized, instrumentlib options:58636

dbghelp: loaded successfully - version: 4.0.5 - missing functions: none
symbol engine: initialized successfully - sym options: 0x614 - pdb path: .;C:\Users\patrick.alves\.jdks\openjdk-24.0.1\bin;C:\WINDOWS\SYSTEM32;C:\WINDOWS\WinSxS\amd64_microsoft.windows.common-controls_6595b64144ccf1df_6.0.26100.3624_none_3e086962e3345f24;C:\Users\patrick.alves\.jdks\openjdk-24.0.1\bin\server;C:\Users\patrick.alves\AppData\Local\Temp\idea_libasyncProfiler_dll_temp_folder1

VM Arguments:
jvm_args: -XX:TieredStopAtLevel=1 -Dspring.output.ansi.enabled=always -Dcom.sun.management.jmxremote -Dspring.jmx.enabled=true -Dspring.liveBeansView.mbeanDomain -Dspring.application.admin.enabled=true -Dmanagement.endpoints.jmx.exposure.include=* -javaagent:C:\Users\patrick.alves\AppData\Local\Programs\IntelliJ IDEA Ultimate\lib\idea_rt.jar=58636 -Dfile.encoding=UTF-8 -Dsun.stdout.encoding=UTF-8 -Dsun.stderr.encoding=UTF-8 
java_command: com.ead.course.CourseApplication
java_class_path (initial): C:\Users\patrick.alves\Documents\projetos_pessoais\plataforma-ead-course\target\classes;C:\Users\patrick.alves\.m2\repository\org\springframework\boot\spring-boot-starter-web\3.4.4\spring-boot-starter-web-3.4.4.jar;C:\Users\patrick.alves\.m2\repository\org\springframework\boot\spring-boot-starter\3.4.4\spring-boot-starter-3.4.4.jar;C:\Users\patrick.alves\.m2\repository\org\springframework\boot\spring-boot\3.4.4\spring-boot-3.4.4.jar;C:\Users\patrick.alves\.m2\repository\org\springframework\boot\spring-boot-autoconfigure\3.4.4\spring-boot-autoconfigure-3.4.4.jar;C:\Users\patrick.alves\.m2\repository\jakarta\annotation\jakarta.annotation-api\2.1.1\jakarta.annotation-api-2.1.1.jar;C:\Users\patrick.alves\.m2\repository\org\yaml\snakeyaml\2.3\snakeyaml-2.3.jar;C:\Users\patrick.alves\.m2\repository\org\springframework\boot\spring-boot-starter-json\3.4.4\spring-boot-starter-json-3.4.4.jar;C:\Users\patrick.alves\.m2\repository\com\fasterxml\jackson\core\jackson-databind\2.18.3\jackson-databind-2.18.3.jar;C:\Users\patrick.alves\.m2\repository\com\fasterxml\jackson\core\jackson-annotations\2.18.3\jackson-annotations-2.18.3.jar;C:\Users\patrick.alves\.m2\repository\com\fasterxml\jackson\core\jackson-core\2.18.3\jackson-core-2.18.3.jar;C:\Users\patrick.alves\.m2\repository\com\fasterxml\jackson\datatype\jackson-datatype-jdk8\2.18.3\jackson-datatype-jdk8-2.18.3.jar;C:\Users\patrick.alves\.m2\repository\com\fasterxml\jackson\datatype\jackson-datatype-jsr310\2.18.3\jackson-datatype-jsr310-2.18.3.jar;C:\Users\patrick.alves\.m2\repository\com\fasterxml\jackson\module\jackson-module-parameter-names\2.18.3\jackson-module-parameter-names-2.18.3.jar;C:\Users\patrick.alves\.m2\repository\org\springframework\boot\spring-boot-starter-tomcat\3.4.4\spring-boot-starter-tomcat-3.4.4.jar;C:\Users\patrick.alves\.m2\repository\org\apache\tomcat\embed\tomcat-embed-core\10.1.39\tomcat-embed-core-10.1.39.jar;C:\Users\patrick.alves\.m2\repository\org\apache\tomcat\embed\tomcat-embed-websocket\10.1.39\tomcat-embed-websocket-10.1.39.jar;C:\Users\patrick.alves\.m2\repository\org\springframework\spring-web\6.2.5\spring-web-6.2.5.jar;C:\Users\patrick.alves\.m2\repository\org\springframework\spring-beans\6.2.5\spring-beans-6.2.5.jar;C:\Users\patrick.alves\.m2\repository\io\micrometer\micrometer-observation\1.14.5\micrometer-observation-1.14.5.jar;C:\Users\patrick.alves\.m2\repository\io\micrometer\micrometer-commons\1.14.5\micrometer-commons-1.14.5.jar;C:\Users\patrick.alves\.m2\repository\org\springframework\spring-webmvc\6.2.5\spring-webmvc-6.2.5.jar;C:\Users\patrick.alves\.m2\repository\org\springframework\spring-aop\6.2.5\spring-aop-6.2.5.jar;C:\Users\patrick.alves\.m2\repository\org\springframework\spring-context\6.2.5\spring-context-6.2.5.jar;C:\Users\patrick.alves\.m2\repository\org\springframework\spring-expression\6.2.5\spring-expression-6.2.5.jar;C:\Users\patrick.alves\.m2\repository\org\springframework\boot\spring-boot-starter-log4j2\3.4.4\spring-boot-starter-log4j2-3.4.4.jar;C:\Users\patrick.alves\.m2\repository\org\apache\logging\log4j\log4j-slf4j2-impl\2.24.3\log4j-slf4j2-impl-2.24.3.jar;C:\Users\patrick.alves\.m2\repository\org\apache\logging\log4j\log4j-api\2.24.3\log4j-api-2.24.3.jar;C:\Users\patrick.alves\.m2\repository\org\slf4j\slf4j-api\2.0.17\slf4j-api-2.0.17.jar;C:\Users\patrick.alves\.m2\repository\org\apache\logging\log4j\log4j-core\2.24.3\log4j-core-2.24.3.jar;C:\Users\patrick.alves\.m2\repository\org\apache\logging\log4j\log4j-jul\2.24.3\log4j-jul-2.24.3.jar;C:\Users\patrick.alves\.m2\repository\org\springframework\boot\spring-boot-starter-data-jpa\3.4.4\spring-boot-starter-data-jpa-3.4.4.jar;C:\Users\patrick.alves\.m2\repository\org\springframework\boot\spring-boot-starter-jdbc\3.4.4\spring-boot-starter-jdbc-3.4.4.jar;C:\Users\patrick.alves\.m2\repository\com\zaxxer\HikariCP\5.1.0\HikariCP-5.1.0.jar;C:\Users\patrick.alves\.m2\repository\org\springframework\spring-jdbc\6.2.5\spring-jdbc-6.2.5.jar;C:\Users\patrick.alves\.m2\repository\org\hibernate\orm\hibernate-core\6.6.11.Final\hibernate-core-6.6.11.Final.jar;C:\Users\patrick.alves\.m2\repository\jakarta\transaction\jakarta.transaction-api\2.0.1\jakarta.transaction-api-2.0.1.jar;C:\Users\patrick.alves\.m2\repository\org\jboss\logging\jboss-logging\3.6.1.Final\jboss-logging-3.6.1.Final.jar;C:\Users\patrick.alves\.m2\repository\org\hibernate\common\hibernate-commons-annotations\7.0.3.Final\hibernate-commons-annotations-7.0.3.Final.jar;C:\Users\patrick.alves\.m2\repository\io\smallrye\jandex\3.2.0\jandex-3.2.0.jar;C:\Users\patrick.alves\.m2\repository\com\fasterxml\classmate\1.7.0\classmate-1.7.0.jar;C:\Users\patrick.alves\.m2\repository\net\bytebuddy\byte-buddy\1.15.11\byte-buddy-1.15.11.jar;C:\Users\patrick.alves\.m2\repository\org\glassfish\jaxb\jaxb-runtime\4.0.5\jaxb-runtime-4.0.5.jar;C:\Users\patrick.alves\.m2\repository\org\glassfish\jaxb\jaxb-core\4.0.5\jaxb-core-4.0.5.jar;C:\Users\patrick.alves\.m2\repository\org\eclipse\angus\angus-activation\2.0.2\angus-activation-2.0.2.jar;C:\Users\patrick.alves\.m2\repository\org\glassfish\jaxb\txw2\4.0.5\txw2-4.0.5.jar;C:\Users\patrick.alves\.m2\repository\com\sun\istack\istack-commons-runtime\4.1.2\istack-commons-runtime-4.1.2.jar;C:\Users\patrick.alves\.m2\repository\jakarta\inject\jakarta.inject-api\2.0.1\jakarta.inject-api-2.0.1.jar;C:\Users\patrick.alves\.m2\repository\org\antlr\antlr4-runtime\4.13.0\antlr4-runtime-4.13.0.jar;C:\Users\patrick.alves\.m2\repository\org\springframework\data\spring-data-jpa\3.4.4\spring-data-jpa-3.4.4.jar;C:\Users\patrick.alves\.m2\repository\org\springframework\data\spring-data-commons\3.4.4\spring-data-commons-3.4.4.jar;C:\Users\patrick.alves\.m2\repository\org\springframework\spring-orm\6.2.5\spring-orm-6.2.5.jar;C:\Users\patrick.alves\.m2\repository\org\springframework\spring-tx\6.2.5\spring-tx-6.2.5.jar;C:\Users\patrick.alves\.m2\repository\org\springframework\spring-aspects\6.2.5\spring-aspects-6.2.5.jar;C:\Users\patrick.alves\.m2\repository\org\aspectj\aspectjweaver\1.9.23\aspectjweaver-1.9.23.jar;C:\Users\patrick.alves\.m2\repository\org\springframework\boot\spring-boot-starter-validation\3.4.4\spring-boot-starter-validation-3.4.4.jar;C:\Users\patrick.alves\.m2\repository\org\apache\tomcat\embed\tomcat-embed-el\10.1.39\tomcat-embed-el-10.1.39.jar;C:\Users\patrick.alves\.m2\repository\org\hibernate\validator\hibernate-validator\8.0.2.Final\hibernate-validator-8.0.2.Final.jar;C:\Users\patrick.alves\.m2\repository\jakarta\validation\jakarta.validation-api\3.0.2\jakarta.validation-api-3.0.2.jar;C:\Users\patrick.alves\.m2\repository\net\kaczmarzyk\specification-arg-resolver\3.1.0\specification-arg-resolver-3.1.0.jar;C:\Users\patrick.alves\.m2\repository\org\apache\commons\commons-lang3\3.17.0\commons-lang3-3.17.0.jar;C:\Users\patrick.alves\.m2\repository\jakarta\servlet\jakarta.servlet-api\6.0.0\jakarta.servlet-api-6.0.0.jar;C:\Users\patrick.alves\.m2\repository\jakarta\persistence\jakarta.persistence-api\3.1.0\jakarta.persistence-api-3.1.0.jar;C:\Users\patrick.alves\.m2\repository\org\postgresql\postgresql\42.7.5\postgresql-42.7.5.jar;C:\Users\patrick.alves\.m2\repository\org\checkerframework\checker-qual\3.48.3\checker-qual-3.48.3.jar;C:\Users\patrick.alves\.m2\repository\jakarta\xml\bind\jakarta.xml.bind-api\4.0.2\jakarta.xml.bind-api-4.0.2.jar;C:\Users\patrick.alves\.m2\repository\jakarta\activation\jakarta.activation-api\2.1.3\jakarta.activation-api-2.1.3.jar;C:\Users\patrick.alves\.m2\repository\org\springframework\spring-core\6.2.5\spring-core-6.2.5.jar;C:\Users\patrick.alves\.m2\repository\org\springframework\spring-jcl\6.2.5\spring-jcl-6.2.5.jar
Launcher Type: SUN_STANDARD

[Global flags]
     intx CICompilerCount                          = 4                                         {product} {ergonomic}
     uint ConcGCThreads                            = 2                                         {product} {ergonomic}
     bool FlightRecorder                           = true                                      {product} {management}
     uint G1ConcRefinementThreads                  = 8                                         {product} {ergonomic}
   size_t G1HeapRegionSize                         = 4194304                                   {product} {ergonomic}
   size_t InitialHeapSize                          = 532676608                                 {product} {ergonomic}
     bool ManagementServer                         = true                                      {product} {command line}
   size_t MarkStackSize                            = 4194304                                   {product} {ergonomic}
   size_t MarkStackSizeMax                         = 536870912                                 {product} {ergonomic}
   size_t MaxHeapSize                              = 8522825728                                {product} {ergonomic}
   size_t MaxNewSize                               = 5112856576                                {product} {ergonomic}
   size_t MinHeapDeltaBytes                        = 4194304                                   {product} {ergonomic}
   size_t MinHeapSize                              = 8388608                                   {product} {ergonomic}
    uintx NonNMethodCodeHeapSize                   = 4096                                   {pd product} {ergonomic}
    uintx NonProfiledCodeHeapSize                  = 0                                      {pd product} {ergonomic}
     bool ProfileInterpreter                       = false                                  {pd product} {command line}
    uintx ProfiledCodeHeapSize                     = 0                                      {pd product} {ergonomic}
   size_t SoftMaxHeapSize                          = 8522825728                             {manageable} {ergonomic}
     intx TieredStopAtLevel                        = 1                                         {product} {command line}
     bool UseCompressedOops                        = true                           {product lp64_product} {ergonomic}
     bool UseG1GC                                  = true                                      {product} {ergonomic}
     bool UseLargePagesIndividualAllocation        = false                                  {pd product} {ergonomic}

Logging:
Log output configuration:
 #0: stdout all=warning uptime,level,tags foldmultilines=false
 #1: stderr all=off uptime,level,tags foldmultilines=false

Environment Variables:
JAVA_HOME=C:\Program Files\Eclipse Adoptium\jdk-11.0.24.8-hotspot
PATH=C:\Program Files\Eclipse Adoptium\jdk-11.0.24.8-hotspot\bin;C:\Program Files (x86)\Common Files\Oracle\Java\javapath;C:\Program Files\Common Files\Oracle\Java\javapath;C:\Python312\Scripts\;C:\Python312\;C:\ORACLE\product\11.2.0\dbhome_1\bin;C:\WINDOWS\system32;C:\WINDOWS;C:\WINDOWS\System32\Wbem;C:\WINDOWS\System32\WindowsPowerShell\v1.0\;C:\WINDOWS\System32\OpenSSH\;C:\Program Files (x86)\Microsoft SQL Server\160\DTS\Binn\;C:\Program Files\Azure Data Studio\bin;C:\Program Files\dotnet\;C:\Program Files\Git\cmd;C:\Program Files\Docker\Docker\resources\bin;C:\Program Files\nodejs\;C:\ProgramData\chocolatey\bin;C:\Program Files\PuTTY\;C:\Program Files\PowerShell\7\;C:\Program Files (x86)\Sennheiser\SenncomSDK\;C:\Users\patrick.alves\AppData\Local\Programs\oh-my-posh\bin\;C:\Users\patrick.alves\.console-ninja\.bin;C:\Users\patrick.alves\AppData\Local\Microsoft\WindowsApps;C:\Users\patrick.alves\AppData\Local\Programs\Microsoft VS Code\bin;C:\Program Files\JetBrains\IntelliJ IDEA 2024.1.4\bin;C:\Users\patrick.alves\AppData\Roaming\npm;C:\Users\patrick.alves\AppData\Local\JetBrains\Toolbox\scripts;;C:\Users\patrick.alves\AppData\Local\Microsoft\WindowsApps;C:\Program Files\JetBrains\IntelliJ IDEA 2024.3.5\bin;
USERNAME=patrick.alves
OS=Windows_NT
PROCESSOR_IDENTIFIER=Intel64 Family 6 Model 140 Stepping 1, GenuineIntel
TMP=C:\Users\PATRIC~1.ALV\AppData\Local\Temp
TEMP=C:\Users\PATRIC~1.ALV\AppData\Local\Temp




Periodic native trim disabled

---------------  S Y S T E M  ---------------

OS:
 Windows 11 , 64 bit Build 26100 (10.0.26100.3775)
OS uptime: 20 days 0:31 hours
Hyper-V role detected

CPU: total 8 (initial active 8) (4 cores per cpu, 2 threads per core) family 6 model 140 stepping 1 microcode 0xb8, cx8, cmov, fxsr, ht, mmx, 3dnowpref, sse, sse2, sse3, ssse3, sse4.1, sse4.2, popcnt, lzcnt, tsc, tscinvbit, avx, avx2, aes, erms, clmul, bmi1, bmi2, adx, avx512f, avx512dq, avx512cd, avx512bw, avx512vl, sha, fma, vzeroupper, avx512_vpopcntdq, avx512_vpclmulqdq, avx512_vaes, avx512_vnni, clflush, clflushopt, clwb, avx512_vbmi2, avx512_vbmi, hv, rdtscp, rdpid, fsrm, gfni, avx512_bitalg, f16c, cet_ibt, cet_ss, avx512_ifma
Processor Information for the first 8 processors :
  Max Mhz: 1690, Current Mhz: 1690, Mhz Limit: 1690

Memory: 4k page, system-wide physical 32510M (10673M free)
TotalPageFile size 38940M (AvailPageFile size 6676M)
current process WorkingSet (physical memory assigned to process): 176M, peak: 180M
current process commit charge ("private bytes"): 259M, peak: 693M

vm_info: OpenJDK 64-Bit Server VM (24.0.1+9-30) for windows-amd64 JRE (24.0.1+9-30), built on 2025-03-05T07:23:45Z with MS VC++ 17.6 (VS2022)

END.
